{"contracts/account/Account.sol":{"l":{"44":0,"46":0,"47":0,"55":0,"56":0,"65":0,"66":0,"74":0,"75":0,"77":0,"85":0,"86":0,"88":0,"96":0,"97":0,"99":0,"107":0,"108":0,"110":0,"125":0,"134":0,"136":0,"146":0,"147":0,"159":0,"161":0,"162":0,"163":0,"165":0,"166":0,"167":0,"178":0,"179":0,"180":0,"190":0,"191":0,"192":0,"194":0,"199":0},"path":"/Users/shengdading/git/acBTC/contracts/account/Account.sol","s":{"1":0,"2":0,"3":0,"4":0,"5":0,"6":0,"7":0,"8":0,"9":0,"10":0,"11":0,"12":0,"13":0,"14":0,"15":0,"16":0,"17":0,"18":0,"19":0,"20":0,"21":0,"22":0,"23":0,"24":0,"25":0,"26":0,"27":0,"28":0,"29":0,"30":0,"31":0,"32":0,"33":0,"34":0,"35":0,"36":0,"37":0},"b":{"1":[0,0],"2":[0,0],"3":[0,0],"4":[0,0],"5":[0,0],"6":[0,0],"7":[0,0],"8":[0,0],"9":[0,0],"10":[0,0],"11":[0,0],"12":[0,0]},"f":{"1":0,"2":0,"3":0,"4":0,"5":0,"6":0,"7":0,"8":0,"9":0,"10":0,"11":0,"12":0,"13":0},"fnMap":{"1":{"name":"initialize","line":43,"loc":{"start":{"line":43,"column":4},"end":{"line":49,"column":4}}},"2":{"name":"onlyOperator","line":54,"loc":{"start":{"line":54,"column":4},"end":{"line":57,"column":4}}},"3":{"name":"transferOwnership","line":64,"loc":{"start":{"line":64,"column":4},"end":{"line":67,"column":4}}},"4":{"name":"grantAdmin","line":73,"loc":{"start":{"line":73,"column":4},"end":{"line":78,"column":4}}},"5":{"name":"revokeAdmin","line":84,"loc":{"start":{"line":84,"column":4},"end":{"line":89,"column":4}}},"6":{"name":"grantOperator","line":95,"loc":{"start":{"line":95,"column":4},"end":{"line":100,"column":4}}},"7":{"name":"revokeOperator","line":106,"loc":{"start":{"line":106,"column":4},"end":{"line":111,"column":4}}},"8":{"name":"isOperator","line":124,"loc":{"start":{"line":124,"column":4},"end":{"line":126,"column":4}}},"9":{"name":"withdraw","line":133,"loc":{"start":{"line":133,"column":4},"end":{"line":137,"column":4}}},"10":{"name":"withdrawToken","line":145,"loc":{"start":{"line":145,"column":4},"end":{"line":148,"column":4}}},"11":{"name":"withdrawTokenFallThrough","line":158,"loc":{"start":{"line":158,"column":4},"end":{"line":169,"column":4}}},"12":{"name":"approveToken","line":177,"loc":{"start":{"line":177,"column":4},"end":{"line":181,"column":4}}},"13":{"name":"invoke","line":189,"loc":{"start":{"line":189,"column":4},"end":{"line":200,"column":4}}}},"statementMap":{"1":{"start":{"line":44,"column":8},"end":{"line":44,"column":21}},"2":{"start":{"line":46,"column":8},"end":{"line":46,"column":1608}},"3":{"start":{"line":47,"column":12},"end":{"line":47,"column":43}},"4":{"start":{"line":55,"column":8},"end":{"line":55,"column":54}},"5":{"start":{"line":65,"column":8},"end":{"line":65,"column":48}},"6":{"start":{"line":66,"column":8},"end":{"line":66,"column":21}},"7":{"start":{"line":74,"column":8},"end":{"line":74,"column":48}},"8":{"start":{"line":75,"column":8},"end":{"line":75,"column":50}},"9":{"start":{"line":77,"column":8},"end":{"line":77,"column":30}},"10":{"start":{"line":85,"column":8},"end":{"line":85,"column":48}},"11":{"start":{"line":86,"column":8},"end":{"line":86,"column":45}},"12":{"start":{"line":88,"column":8},"end":{"line":88,"column":31}},"13":{"start":{"line":96,"column":8},"end":{"line":96,"column":70}},"14":{"start":{"line":97,"column":8},"end":{"line":97,"column":56}},"15":{"start":{"line":99,"column":8},"end":{"line":99,"column":33}},"16":{"start":{"line":107,"column":8},"end":{"line":107,"column":70}},"17":{"start":{"line":108,"column":8},"end":{"line":108,"column":51}},"18":{"start":{"line":110,"column":8},"end":{"line":110,"column":34}},"19":{"start":{"line":125,"column":8},"end":{"line":125,"column":84}},"20":{"start":{"line":134,"column":8},"end":{"line":134,"column":37}},"21":{"start":{"line":136,"column":8},"end":{"line":136,"column":58}},"22":{"start":{"line":146,"column":8},"end":{"line":146,"column":63}},"23":{"start":{"line":147,"column":8},"end":{"line":147,"column":59}},"24":{"start":{"line":159,"column":8},"end":{"line":159,"column":76}},"25":{"start":{"line":161,"column":8},"end":{"line":161,"column":6011}},"26":{"start":{"line":162,"column":12},"end":{"line":162,"column":67}},"27":{"start":{"line":163,"column":12},"end":{"line":163,"column":63}},"28":{"start":{"line":165,"column":12},"end":{"line":165,"column":96}},"29":{"start":{"line":166,"column":12},"end":{"line":166,"column":73}},"30":{"start":{"line":167,"column":12},"end":{"line":167,"column":63}},"31":{"start":{"line":178,"column":8},"end":{"line":178,"column":57}},"32":{"start":{"line":179,"column":8},"end":{"line":179,"column":62}},"33":{"start":{"line":180,"column":8},"end":{"line":180,"column":58}},"34":{"start":{"line":190,"column":8},"end":{"line":190,"column":20}},"35":{"start":{"line":191,"column":8},"end":{"line":191,"column":58}},"36":{"start":{"line":192,"column":8},"end":{"line":192,"column":7503}},"37":{"start":{"line":199,"column":8},"end":{"line":199,"column":41}}},"branchMap":{"1":{"line":55,"type":"if","locations":[{"start":{"line":55,"column":8},"end":{"line":55,"column":8}},{"start":{"line":55,"column":8},"end":{"line":55,"column":8}}]},"2":{"line":65,"type":"if","locations":[{"start":{"line":65,"column":8},"end":{"line":65,"column":8}},{"start":{"line":65,"column":8},"end":{"line":65,"column":8}}]},"3":{"line":74,"type":"if","locations":[{"start":{"line":74,"column":8},"end":{"line":74,"column":8}},{"start":{"line":74,"column":8},"end":{"line":74,"column":8}}]},"4":{"line":75,"type":"if","locations":[{"start":{"line":75,"column":8},"end":{"line":75,"column":8}},{"start":{"line":75,"column":8},"end":{"line":75,"column":8}}]},"5":{"line":85,"type":"if","locations":[{"start":{"line":85,"column":8},"end":{"line":85,"column":8}},{"start":{"line":85,"column":8},"end":{"line":85,"column":8}}]},"6":{"line":86,"type":"if","locations":[{"start":{"line":86,"column":8},"end":{"line":86,"column":8}},{"start":{"line":86,"column":8},"end":{"line":86,"column":8}}]},"7":{"line":96,"type":"if","locations":[{"start":{"line":96,"column":8},"end":{"line":96,"column":8}},{"start":{"line":96,"column":8},"end":{"line":96,"column":8}}]},"8":{"line":97,"type":"if","locations":[{"start":{"line":97,"column":8},"end":{"line":97,"column":8}},{"start":{"line":97,"column":8},"end":{"line":97,"column":8}}]},"9":{"line":107,"type":"if","locations":[{"start":{"line":107,"column":8},"end":{"line":107,"column":8}},{"start":{"line":107,"column":8},"end":{"line":107,"column":8}}]},"10":{"line":108,"type":"if","locations":[{"start":{"line":108,"column":8},"end":{"line":108,"column":8}},{"start":{"line":108,"column":8},"end":{"line":108,"column":8}}]},"11":{"line":161,"type":"if","locations":[{"start":{"line":161,"column":8},"end":{"line":161,"column":8}},{"start":{"line":161,"column":8},"end":{"line":161,"column":8}}]},"12":{"line":192,"type":"if","locations":[{"start":{"line":192,"column":8},"end":{"line":192,"column":8}},{"start":{"line":192,"column":8},"end":{"line":192,"column":8}}]}}},"contracts/account/AccountFactory.sol":{"l":{"26":3,"27":3,"28":3,"35":0,"36":0,"38":0,"46":0,"47":0,"57":0,"58":0,"59":0,"60":0,"62":0,"64":0},"path":"/Users/shengdading/git/acBTC/contracts/account/AccountFactory.sol","s":{"1":3,"2":3,"3":3,"4":0,"5":0,"6":0,"7":0,"8":0,"9":0,"10":0,"11":0,"12":0,"13":0,"14":0},"b":{"1":[3,0],"2":[0,0],"3":[0,0],"4":[0,0]},"f":{"1":3,"2":0,"3":0,"4":0},"fnMap":{"1":{"name":"constructor","line":25,"loc":{"start":{"line":25,"column":4},"end":{"line":29,"column":4}}},"2":{"name":"setAccountBase","line":34,"loc":{"start":{"line":34,"column":4},"end":{"line":39,"column":4}}},"3":{"name":"setGovernance","line":45,"loc":{"start":{"line":45,"column":4},"end":{"line":48,"column":4}}},"4":{"name":"createAccount","line":56,"loc":{"start":{"line":56,"column":4},"end":{"line":65,"column":4}}}},"statementMap":{"1":{"start":{"line":26,"column":8},"end":{"line":26,"column":68}},"2":{"start":{"line":27,"column":8},"end":{"line":27,"column":30}},"3":{"start":{"line":28,"column":8},"end":{"line":28,"column":33}},"4":{"start":{"line":35,"column":8},"end":{"line":35,"column":58}},"5":{"start":{"line":36,"column":8},"end":{"line":36,"column":68}},"6":{"start":{"line":38,"column":8},"end":{"line":38,"column":33}},"7":{"start":{"line":46,"column":8},"end":{"line":46,"column":58}},"8":{"start":{"line":47,"column":8},"end":{"line":47,"column":31}},"9":{"start":{"line":57,"column":8},"end":{"line":57,"column":94}},"10":{"start":{"line":58,"column":8},"end":{"line":58,"column":49}},"11":{"start":{"line":59,"column":8},"end":{"line":59,"column":53}},"12":{"start":{"line":60,"column":8},"end":{"line":60,"column":46}},"13":{"start":{"line":62,"column":8},"end":{"line":62,"column":57}},"14":{"start":{"line":64,"column":8},"end":{"line":64,"column":22}}},"branchMap":{"1":{"line":26,"type":"if","locations":[{"start":{"line":26,"column":8},"end":{"line":26,"column":8}},{"start":{"line":26,"column":8},"end":{"line":26,"column":8}}]},"2":{"line":35,"type":"if","locations":[{"start":{"line":35,"column":8},"end":{"line":35,"column":8}},{"start":{"line":35,"column":8},"end":{"line":35,"column":8}}]},"3":{"line":36,"type":"if","locations":[{"start":{"line":36,"column":8},"end":{"line":36,"column":8}},{"start":{"line":36,"column":8},"end":{"line":36,"column":8}}]},"4":{"line":46,"type":"if","locations":[{"start":{"line":46,"column":8},"end":{"line":46,"column":8}},{"start":{"line":46,"column":8},"end":{"line":46,"column":8}}]}}},"contracts/acoconut/ACoconut.sol":{"l":{"50":3,"57":0,"58":0,"67":1,"68":1,"70":1,"79":0,"80":0,"81":0,"89":0,"90":0,"99":0,"100":0,"101":0,"111":0,"112":0,"113":0,"125":0,"133":0,"155":0,"164":0,"173":0,"181":0,"182":0,"183":0,"184":0,"185":0,"198":0,"199":0,"214":0,"216":0,"217":0,"218":0,"222":0,"223":0,"227":0,"228":0,"231":0,"232":0,"233":0,"234":0,"235":0,"236":0,"237":0,"239":0,"241":0,"244":0,"250":0,"251":0,"252":0,"254":0,"256":0,"260":0,"261":0,"263":0,"264":0,"265":0,"266":0,"269":0,"271":0,"272":0,"273":0,"274":0,"287":0,"289":0,"290":0,"292":0,"293":0,"296":0,"300":0,"301":0,"305":0,"306":0,"307":0},"path":"/Users/shengdading/git/acBTC/contracts/acoconut/ACoconut.sol","s":{"1":3,"2":0,"3":0,"4":1,"5":1,"6":1,"7":0,"8":0,"9":0,"10":0,"11":0,"12":0,"13":0,"14":0,"15":0,"16":0,"17":0,"18":0,"19":0,"20":0,"21":0,"22":0,"23":0,"24":0,"25":0,"26":0,"27":0,"28":0,"29":0,"30":0,"31":0,"32":0,"33":0,"34":0,"35":0,"36":0,"37":0,"38":0,"39":0,"40":0,"41":0,"42":0,"43":0,"44":0,"45":0,"46":0,"47":0,"48":0,"49":0,"50":0,"51":0,"52":0,"53":0,"54":0,"55":0,"56":0,"57":0,"58":0,"59":0,"60":0,"61":0,"62":0,"63":0,"64":0,"65":0,"66":0,"67":0,"68":0,"69":0,"70":0,"71":0,"72":0,"73":0,"74":0},"b":{"1":[0,0],"2":[1,0],"3":[0,0],"4":[0,0],"5":[0,0],"6":[0,0],"7":[0,0],"8":[0,0],"9":[0,0],"10":[0,0],"11":[0,0],"12":[0,0],"13":[0,0],"14":[0,0],"15":[0,0],"16":[0,0],"17":[0,0]},"f":{"1":3,"2":0,"3":1,"4":0,"5":0,"6":0,"7":0,"8":0,"9":0,"10":0,"11":0,"12":0,"13":0,"14":0,"15":0,"16":0,"17":0},"fnMap":{"1":{"name":"constructor","line":49,"loc":{"start":{"line":49,"column":4},"end":{"line":51,"column":4}}},"2":{"name":"setGovernance","line":56,"loc":{"start":{"line":56,"column":4},"end":{"line":59,"column":4}}},"3":{"name":"setMinter","line":66,"loc":{"start":{"line":66,"column":4},"end":{"line":71,"column":4}}},"4":{"name":"mint","line":78,"loc":{"start":{"line":78,"column":4},"end":{"line":82,"column":4}}},"5":{"name":"burn","line":88,"loc":{"start":{"line":88,"column":4},"end":{"line":91,"column":4}}},"6":{"name":"transfer","line":98,"loc":{"start":{"line":98,"column":4},"end":{"line":102,"column":4}}},"7":{"name":"transferFrom","line":110,"loc":{"start":{"line":110,"column":4},"end":{"line":114,"column":4}}},"8":{"name":"delegates","line":120,"loc":{"start":{"line":120,"column":4},"end":{"line":126,"column":4}}},"9":{"name":"delegate","line":132,"loc":{"start":{"line":132,"column":4},"end":{"line":134,"column":4}}},"10":{"name":"delegateBySig","line":145,"loc":{"start":{"line":145,"column":4},"end":{"line":186,"column":4}}},"11":{"name":"getCurrentVotes","line":193,"loc":{"start":{"line":193,"column":4},"end":{"line":200,"column":4}}},"12":{"name":"getPriorVotes","line":209,"loc":{"start":{"line":209,"column":4},"end":{"line":245,"column":4}}},"13":{"name":"_delegate","line":247,"loc":{"start":{"line":247,"column":4},"end":{"line":257,"column":4}}},"14":{"name":"_moveDelegates","line":259,"loc":{"start":{"line":259,"column":4},"end":{"line":277,"column":4}}},"15":{"name":"_writeCheckpoint","line":279,"loc":{"start":{"line":279,"column":4},"end":{"line":297,"column":4}}},"16":{"name":"safe32","line":299,"loc":{"start":{"line":299,"column":4},"end":{"line":302,"column":4}}},"17":{"name":"getChainId","line":304,"loc":{"start":{"line":304,"column":4},"end":{"line":308,"column":4}}}},"statementMap":{"1":{"start":{"line":50,"column":8},"end":{"line":50,"column":30}},"2":{"start":{"line":57,"column":8},"end":{"line":57,"column":58}},"3":{"start":{"line":58,"column":8},"end":{"line":58,"column":31}},"4":{"start":{"line":67,"column":8},"end":{"line":67,"column":58}},"5":{"start":{"line":68,"column":8},"end":{"line":68,"column":32}},"6":{"start":{"line":70,"column":8},"end":{"line":70,"column":43}},"7":{"start":{"line":79,"column":8},"end":{"line":79,"column":49}},"8":{"start":{"line":80,"column":8},"end":{"line":80,"column":28}},"9":{"start":{"line":81,"column":8},"end":{"line":81,"column":61}},"10":{"start":{"line":89,"column":8},"end":{"line":89,"column":33}},"11":{"start":{"line":90,"column":8},"end":{"line":90,"column":66}},"12":{"start":{"line":99,"column":8},"end":{"line":99,"column":42}},"13":{"start":{"line":100,"column":8},"end":{"line":100,"column":78}},"14":{"start":{"line":101,"column":8},"end":{"line":101,"column":19}},"15":{"start":{"line":111,"column":8},"end":{"line":111,"column":55}},"16":{"start":{"line":112,"column":8},"end":{"line":112,"column":75}},"17":{"start":{"line":113,"column":8},"end":{"line":113,"column":19}},"18":{"start":{"line":125,"column":8},"end":{"line":125,"column":36}},"19":{"start":{"line":133,"column":8},"end":{"line":133,"column":47}},"20":{"start":{"line":155,"column":8},"end":{"line":155,"column":5570}},"21":{"start":{"line":164,"column":8},"end":{"line":164,"column":5800}},"22":{"start":{"line":173,"column":8},"end":{"line":173,"column":6000}},"23":{"start":{"line":181,"column":8},"end":{"line":181,"column":54}},"24":{"start":{"line":182,"column":8},"end":{"line":182,"column":75}},"25":{"start":{"line":183,"column":8},"end":{"line":183,"column":76}},"26":{"start":{"line":184,"column":8},"end":{"line":184,"column":65}},"27":{"start":{"line":185,"column":8},"end":{"line":185,"column":46}},"28":{"start":{"line":198,"column":8},"end":{"line":198,"column":53}},"29":{"start":{"line":199,"column":8},"end":{"line":199,"column":82}},"30":{"start":{"line":214,"column":8},"end":{"line":214,"column":79}},"31":{"start":{"line":216,"column":8},"end":{"line":216,"column":53}},"32":{"start":{"line":217,"column":8},"end":{"line":217,"column":7635}},"33":{"start":{"line":218,"column":12},"end":{"line":218,"column":20}},"34":{"start":{"line":222,"column":8},"end":{"line":222,"column":7744}},"35":{"start":{"line":223,"column":12},"end":{"line":223,"column":63}},"36":{"start":{"line":227,"column":8},"end":{"line":227,"column":7943}},"37":{"start":{"line":228,"column":12},"end":{"line":228,"column":20}},"38":{"start":{"line":231,"column":8},"end":{"line":231,"column":24}},"39":{"start":{"line":232,"column":8},"end":{"line":232,"column":39}},"40":{"start":{"line":233,"column":8},"end":{"line":233,"column":8106}},"41":{"start":{"line":234,"column":12},"end":{"line":234,"column":55}},"42":{"start":{"line":235,"column":12},"end":{"line":235,"column":63}},"43":{"start":{"line":236,"column":12},"end":{"line":236,"column":8295}},"44":{"start":{"line":237,"column":16},"end":{"line":237,"column":31}},"45":{"start":{"line":238,"column":19},"end":{"line":238,"column":8382}},"46":{"start":{"line":239,"column":16},"end":{"line":239,"column":29}},"47":{"start":{"line":241,"column":16},"end":{"line":241,"column":33}},"48":{"start":{"line":244,"column":8},"end":{"line":244,"column":48}},"49":{"start":{"line":250,"column":8},"end":{"line":250,"column":55}},"50":{"start":{"line":251,"column":8},"end":{"line":251,"column":55}},"51":{"start":{"line":252,"column":8},"end":{"line":252,"column":40}},"52":{"start":{"line":254,"column":8},"end":{"line":254,"column":67}},"53":{"start":{"line":256,"column":8},"end":{"line":256,"column":67}},"54":{"start":{"line":260,"column":8},"end":{"line":260,"column":9066}},"55":{"start":{"line":261,"column":12},"end":{"line":261,"column":9120}},"56":{"start":{"line":263,"column":16},"end":{"line":263,"column":57}},"57":{"start":{"line":264,"column":16},"end":{"line":264,"column":96}},"58":{"start":{"line":265,"column":16},"end":{"line":265,"column":57}},"59":{"start":{"line":266,"column":16},"end":{"line":266,"column":72}},"60":{"start":{"line":269,"column":12},"end":{"line":269,"column":9513}},"61":{"start":{"line":271,"column":16},"end":{"line":271,"column":57}},"62":{"start":{"line":272,"column":16},"end":{"line":272,"column":96}},"63":{"start":{"line":273,"column":16},"end":{"line":273,"column":57}},"64":{"start":{"line":274,"column":16},"end":{"line":274,"column":72}},"65":{"start":{"line":287,"column":8},"end":{"line":287,"column":99}},"66":{"start":{"line":289,"column":8},"end":{"line":289,"column":10183}},"67":{"start":{"line":290,"column":12},"end":{"line":290,"column":68}},"68":{"start":{"line":292,"column":12},"end":{"line":292,"column":83}},"69":{"start":{"line":293,"column":12},"end":{"line":293,"column":55}},"70":{"start":{"line":296,"column":8},"end":{"line":296,"column":64}},"71":{"start":{"line":300,"column":8},"end":{"line":300,"column":39}},"72":{"start":{"line":301,"column":8},"end":{"line":301,"column":24}},"73":{"start":{"line":305,"column":8},"end":{"line":305,"column":23}},"74":{"start":{"line":307,"column":8},"end":{"line":307,"column":22}}},"branchMap":{"1":{"line":57,"type":"if","locations":[{"start":{"line":57,"column":8},"end":{"line":57,"column":8}},{"start":{"line":57,"column":8},"end":{"line":57,"column":8}}]},"2":{"line":67,"type":"if","locations":[{"start":{"line":67,"column":8},"end":{"line":67,"column":8}},{"start":{"line":67,"column":8},"end":{"line":67,"column":8}}]},"3":{"line":79,"type":"if","locations":[{"start":{"line":79,"column":8},"end":{"line":79,"column":8}},{"start":{"line":79,"column":8},"end":{"line":79,"column":8}}]},"4":{"line":182,"type":"if","locations":[{"start":{"line":182,"column":8},"end":{"line":182,"column":8}},{"start":{"line":182,"column":8},"end":{"line":182,"column":8}}]},"5":{"line":183,"type":"if","locations":[{"start":{"line":183,"column":8},"end":{"line":183,"column":8}},{"start":{"line":183,"column":8},"end":{"line":183,"column":8}}]},"6":{"line":184,"type":"if","locations":[{"start":{"line":184,"column":8},"end":{"line":184,"column":8}},{"start":{"line":184,"column":8},"end":{"line":184,"column":8}}]},"7":{"line":214,"type":"if","locations":[{"start":{"line":214,"column":8},"end":{"line":214,"column":8}},{"start":{"line":214,"column":8},"end":{"line":214,"column":8}}]},"8":{"line":217,"type":"if","locations":[{"start":{"line":217,"column":8},"end":{"line":217,"column":8}},{"start":{"line":217,"column":8},"end":{"line":217,"column":8}}]},"9":{"line":222,"type":"if","locations":[{"start":{"line":222,"column":8},"end":{"line":222,"column":8}},{"start":{"line":222,"column":8},"end":{"line":222,"column":8}}]},"10":{"line":227,"type":"if","locations":[{"start":{"line":227,"column":8},"end":{"line":227,"column":8}},{"start":{"line":227,"column":8},"end":{"line":227,"column":8}}]},"11":{"line":236,"type":"if","locations":[{"start":{"line":236,"column":12},"end":{"line":236,"column":12}},{"start":{"line":236,"column":12},"end":{"line":236,"column":12}}]},"12":{"line":238,"type":"if","locations":[{"start":{"line":238,"column":19},"end":{"line":238,"column":19}},{"start":{"line":238,"column":19},"end":{"line":238,"column":19}}]},"13":{"line":260,"type":"if","locations":[{"start":{"line":260,"column":8},"end":{"line":260,"column":8}},{"start":{"line":260,"column":8},"end":{"line":260,"column":8}}]},"14":{"line":261,"type":"if","locations":[{"start":{"line":261,"column":12},"end":{"line":261,"column":12}},{"start":{"line":261,"column":12},"end":{"line":261,"column":12}}]},"15":{"line":269,"type":"if","locations":[{"start":{"line":269,"column":12},"end":{"line":269,"column":12}},{"start":{"line":269,"column":12},"end":{"line":269,"column":12}}]},"16":{"line":289,"type":"if","locations":[{"start":{"line":289,"column":8},"end":{"line":289,"column":8}},{"start":{"line":289,"column":8},"end":{"line":289,"column":8}}]},"17":{"line":300,"type":"if","locations":[{"start":{"line":300,"column":8},"end":{"line":300,"column":8}},{"start":{"line":300,"column":8},"end":{"line":300,"column":8}}]}}},"contracts/acoconut/ACoconutBTC.sol":{"l":{"16":18,"23":0,"24":0,"33":15,"34":15,"36":15,"45":24,"46":24,"57":3,"58":3},"path":"/Users/shengdading/git/acBTC/contracts/acoconut/ACoconutBTC.sol","s":{"1":18,"2":0,"3":0,"4":15,"5":15,"6":15,"7":24,"8":24,"9":3,"10":3},"b":{"1":[0,0],"2":[15,0],"3":[24,0],"4":[3,0]},"f":{"1":18,"2":0,"3":15,"4":24,"5":3},"fnMap":{"1":{"name":"constructor","line":15,"loc":{"start":{"line":15,"column":4},"end":{"line":17,"column":4}}},"2":{"name":"setGovernance","line":22,"loc":{"start":{"line":22,"column":4},"end":{"line":25,"column":4}}},"3":{"name":"setMinter","line":32,"loc":{"start":{"line":32,"column":4},"end":{"line":37,"column":4}}},"4":{"name":"mint","line":44,"loc":{"start":{"line":44,"column":4},"end":{"line":47,"column":4}}},"5":{"name":"burn","line":56,"loc":{"start":{"line":56,"column":4},"end":{"line":59,"column":4}}}},"statementMap":{"1":{"start":{"line":16,"column":8},"end":{"line":16,"column":30}},"2":{"start":{"line":23,"column":8},"end":{"line":23,"column":58}},"3":{"start":{"line":24,"column":8},"end":{"line":24,"column":31}},"4":{"start":{"line":33,"column":8},"end":{"line":33,"column":58}},"5":{"start":{"line":34,"column":8},"end":{"line":34,"column":32}},"6":{"start":{"line":36,"column":8},"end":{"line":36,"column":43}},"7":{"start":{"line":45,"column":8},"end":{"line":45,"column":49}},"8":{"start":{"line":46,"column":8},"end":{"line":46,"column":28}},"9":{"start":{"line":57,"column":8},"end":{"line":57,"column":49}},"10":{"start":{"line":58,"column":8},"end":{"line":58,"column":28}}},"branchMap":{"1":{"line":23,"type":"if","locations":[{"start":{"line":23,"column":8},"end":{"line":23,"column":8}},{"start":{"line":23,"column":8},"end":{"line":23,"column":8}}]},"2":{"line":33,"type":"if","locations":[{"start":{"line":33,"column":8},"end":{"line":33,"column":8}},{"start":{"line":33,"column":8},"end":{"line":33,"column":8}}]},"3":{"line":45,"type":"if","locations":[{"start":{"line":45,"column":8},"end":{"line":45,"column":8}},{"start":{"line":45,"column":8},"end":{"line":45,"column":8}}]},"4":{"line":57,"type":"if","locations":[{"start":{"line":57,"column":8},"end":{"line":57,"column":8}},{"start":{"line":57,"column":8},"end":{"line":57,"column":8}}]}}},"contracts/acoconut/ACoconutSwap.sol":{"l":{"57":15,"58":15,"59":15,"60":30,"61":30,"62":30,"64":15,"65":15,"67":15,"68":15,"69":15,"70":15,"71":15,"72":15,"73":15,"74":15,"76":15,"79":15,"86":37,"95":65,"96":65,"97":65,"98":130,"100":65,"102":42,"103":42,"104":42,"105":42,"106":120,"107":120,"109":240,"111":120,"113":120,"114":120,"115":0,"117":120,"121":42,"133":6,"134":6,"135":6,"136":6,"137":6,"138":12,"139":6,"141":6,"144":6,"146":6,"147":6,"148":6,"151":6,"152":45,"154":45,"155":45,"156":0,"158":45,"162":6,"171":13,"172":13,"174":13,"175":13,"176":13,"177":13,"178":26,"180":26,"182":13,"184":13,"185":13,"187":13,"188":13,"189":13,"192":13,"201":12,"203":12,"204":12,"206":12,"207":12,"208":12,"209":12,"210":24,"212":0,"213":0,"215":24,"217":12,"219":12,"221":12,"222":12,"223":12,"224":12,"225":12,"227":12,"230":12,"231":24,"233":24,"234":24,"236":12,"237":12,"239":12,"250":2,"251":2,"252":2,"253":2,"254":2,"256":2,"257":2,"259":2,"260":2,"262":2,"264":2,"265":2,"268":2,"279":1,"281":1,"282":1,"283":1,"284":1,"285":1,"287":1,"288":1,"290":1,"291":1,"293":1,"295":1,"296":1,"298":1,"299":1,"300":1,"302":1,"304":1,"310":1,"312":1,"321":2,"322":2,"324":2,"325":2,"326":2,"327":2,"328":2,"329":2,"331":2,"334":2,"337":4,"340":2,"349":1,"351":1,"352":1,"353":1,"355":1,"356":1,"357":1,"358":1,"359":1,"360":1,"361":1,"364":1,"365":1,"368":1,"371":2,"373":2,"374":2,"376":2,"377":2,"381":1,"383":1,"393":2,"394":2,"395":2,"397":2,"398":2,"399":2,"400":2,"401":2,"403":2,"406":2,"407":2,"409":2,"419":1,"421":1,"422":1,"423":1,"425":1,"426":1,"427":1,"428":1,"429":1,"431":1,"433":1,"434":1,"438":1,"440":1,"441":1,"443":1,"444":1,"445":1,"447":1,"448":1,"450":1,"459":2,"460":2,"462":2,"463":2,"464":2,"465":4,"467":4,"469":2,"472":2,"473":2,"474":2,"475":2,"476":2,"479":2,"488":1,"489":1,"491":1,"493":1,"494":1,"495":1,"496":1,"497":2,"499":2,"501":1,"504":1,"505":1,"506":1,"507":1,"508":1,"509":1,"511":1,"513":1,"516":1,"517":1,"518":1,"519":2,"520":2,"523":1,"530":0,"531":0,"532":0,"533":0,"535":0,"536":0,"538":0,"539":0,"540":0,"542":0,"543":0,"544":0,"546":0,"548":0,"555":0,"556":0,"563":0,"564":0,"571":0,"572":0,"579":0,"580":0,"587":0,"588":0,"589":0,"596":0,"597":0,"598":0,"605":0,"606":0,"608":0,"615":12,"616":12,"618":12,"627":0,"628":0,"630":0},"path":"/Users/shengdading/git/acBTC/contracts/acoconut/ACoconutSwap.sol","s":{"1":15,"2":15,"3":15,"4":30,"5":30,"6":30,"7":15,"8":15,"9":15,"10":15,"11":15,"12":15,"13":15,"14":15,"15":15,"16":15,"17":15,"18":15,"19":37,"20":65,"21":65,"22":65,"23":130,"24":65,"25":23,"26":42,"27":42,"28":42,"29":42,"30":120,"31":120,"32":240,"33":120,"34":120,"35":120,"36":0,"37":120,"38":42,"39":6,"40":6,"41":6,"42":6,"43":6,"44":12,"45":6,"46":6,"47":6,"48":6,"49":6,"50":6,"51":6,"52":45,"53":45,"54":45,"55":0,"56":45,"57":6,"58":13,"59":13,"60":13,"61":13,"62":13,"63":13,"64":26,"65":26,"66":13,"67":13,"68":13,"69":13,"70":13,"71":13,"72":13,"73":12,"74":12,"75":12,"76":12,"77":12,"78":12,"79":12,"80":24,"81":0,"82":24,"83":12,"84":12,"85":12,"86":12,"87":12,"88":12,"89":12,"90":12,"91":12,"92":24,"93":24,"94":24,"95":12,"96":12,"97":12,"98":2,"99":2,"100":2,"101":2,"102":2,"103":2,"104":2,"105":2,"106":2,"107":2,"108":2,"109":2,"110":2,"111":1,"112":1,"113":1,"114":1,"115":1,"116":1,"117":1,"118":1,"119":1,"120":1,"121":1,"122":1,"123":1,"124":1,"125":1,"126":1,"127":1,"128":1,"129":1,"130":1,"131":2,"132":2,"133":2,"134":2,"135":2,"136":2,"137":2,"138":2,"139":2,"140":2,"141":4,"142":2,"143":1,"144":1,"145":1,"146":1,"147":1,"148":1,"149":1,"150":1,"151":1,"152":1,"153":1,"154":1,"155":1,"156":1,"157":2,"158":2,"159":2,"160":2,"161":2,"162":1,"163":1,"164":2,"165":2,"166":2,"167":2,"168":2,"169":2,"170":2,"171":2,"172":2,"173":2,"174":2,"175":2,"176":1,"177":1,"178":1,"179":1,"180":1,"181":1,"182":1,"183":1,"184":1,"185":1,"186":1,"187":1,"188":1,"189":1,"190":1,"191":1,"192":1,"193":1,"194":1,"195":1,"196":1,"197":2,"198":2,"199":2,"200":2,"201":2,"202":4,"203":4,"204":2,"205":2,"206":2,"207":2,"208":2,"209":2,"210":2,"211":1,"212":1,"213":1,"214":1,"215":1,"216":1,"217":1,"218":2,"219":2,"220":1,"221":1,"222":1,"223":1,"224":1,"225":1,"226":1,"227":1,"228":1,"229":1,"230":1,"231":1,"232":2,"233":2,"234":1,"235":0,"236":0,"237":0,"238":0,"239":0,"240":0,"241":0,"242":0,"243":0,"244":0,"245":0,"246":0,"247":0,"248":0,"249":0,"250":0,"251":0,"252":0,"253":0,"254":0,"255":0,"256":0,"257":0,"258":0,"259":0,"260":0,"261":0,"262":0,"263":0,"264":0,"265":0,"266":0,"267":12,"268":12,"269":12,"270":0,"271":0,"272":0},"b":{"1":[15,0],"2":[15,0],"3":[30,0],"4":[30,0],"5":[15,0],"6":[15,0],"7":[23,42],"8":[0,120],"9":[0,0],"10":[42,78],"11":[6,6],"12":[0,45],"13":[0,0],"14":[6,39],"15":[13,0],"16":[0,26],"17":[13,0],"18":[12,0],"19":[12,0],"20":[0,24],"21":[0,0],"22":[12,0],"23":[12,0],"24":[0,24],"25":[2,0],"26":[2,0],"27":[2,0],"28":[2,0],"29":[2,0],"30":[1,0],"31":[1,0],"32":[1,0],"33":[1,0],"34":[1,0],"35":[1,0],"36":[1,0],"37":[2,0],"38":[2,0],"39":[1,0],"40":[1,0],"41":[1,0],"42":[1,0],"43":[2,0],"44":[2,0],"45":[2,0],"46":[2,0],"47":[1,0],"48":[1,0],"49":[1,0],"50":[1,0],"51":[1,0],"52":[2,0],"53":[0,4],"54":[2,0],"55":[1,0],"56":[1,0],"57":[0,2],"58":[1,0],"59":[1,0],"60":[0,2],"61":[0,0],"62":[0,0],"63":[0,0],"64":[0,0],"65":[0,0],"66":[0,0],"67":[0,0],"68":[0,0],"69":[0,0],"70":[0,0],"71":[0,0],"72":[0,0],"73":[12,0],"74":[12,0],"75":[0,0],"76":[0,0]},"f":{"1":15,"2":37,"3":65,"4":6,"5":13,"6":12,"7":2,"8":1,"9":2,"10":1,"11":2,"12":1,"13":2,"14":1,"15":0,"16":0,"17":0,"18":0,"19":0,"20":0,"21":0,"22":0,"23":12,"24":0},"fnMap":{"1":{"name":"initialize","line":56,"loc":{"start":{"line":55,"column":4},"end":{"line":80,"column":4}}},"2":{"name":"getA","line":85,"loc":{"start":{"line":85,"column":4},"end":{"line":87,"column":4}}},"3":{"name":"_getD","line":94,"loc":{"start":{"line":94,"column":4},"end":{"line":122,"column":4}}},"4":{"name":"_getY","line":132,"loc":{"start":{"line":132,"column":4},"end":{"line":163,"column":4}}},"5":{"name":"getMintAmount","line":170,"loc":{"start":{"line":170,"column":4},"end":{"line":193,"column":4}}},"6":{"name":"mint","line":200,"loc":{"start":{"line":200,"column":4},"end":{"line":240,"column":4}}},"7":{"name":"getExchangeAmount","line":249,"loc":{"start":{"line":249,"column":4},"end":{"line":269,"column":4}}},"8":{"name":"swap","line":278,"loc":{"start":{"line":278,"column":4},"end":{"line":313,"column":4}}},"9":{"name":"getRedeemProportionAmount","line":320,"loc":{"start":{"line":320,"column":4},"end":{"line":341,"column":4}}},"10":{"name":"redeemProportion","line":348,"loc":{"start":{"line":348,"column":4},"end":{"line":384,"column":4}}},"11":{"name":"getRedeemSingleAmount","line":392,"loc":{"start":{"line":392,"column":4},"end":{"line":410,"column":4}}},"12":{"name":"redeemSingle","line":418,"loc":{"start":{"line":418,"column":4},"end":{"line":451,"column":4}}},"13":{"name":"getRedeemMultiAmount","line":458,"loc":{"start":{"line":458,"column":4},"end":{"line":480,"column":4}}},"14":{"name":"redeemMulti","line":487,"loc":{"start":{"line":487,"column":4},"end":{"line":524,"column":4}}},"15":{"name":"collectFees","line":529,"loc":{"start":{"line":529,"column":4},"end":{"line":549,"column":4}}},"16":{"name":"setGovernance","line":554,"loc":{"start":{"line":554,"column":4},"end":{"line":557,"column":4}}},"17":{"name":"setMintFee","line":562,"loc":{"start":{"line":562,"column":4},"end":{"line":565,"column":4}}},"18":{"name":"setSwapFee","line":570,"loc":{"start":{"line":570,"column":4},"end":{"line":573,"column":4}}},"19":{"name":"setRedeemFee","line":578,"loc":{"start":{"line":578,"column":4},"end":{"line":581,"column":4}}},"20":{"name":"setFeeRecipient","line":586,"loc":{"start":{"line":586,"column":4},"end":{"line":590,"column":4}}},"21":{"name":"setPoolToken","line":595,"loc":{"start":{"line":595,"column":4},"end":{"line":599,"column":4}}},"22":{"name":"pause","line":604,"loc":{"start":{"line":604,"column":4},"end":{"line":609,"column":4}}},"23":{"name":"unpause","line":614,"loc":{"start":{"line":614,"column":4},"end":{"line":619,"column":4}}},"24":{"name":"setAdmin","line":626,"loc":{"start":{"line":626,"column":4},"end":{"line":631,"column":4}}}},"statementMap":{"1":{"start":{"line":57,"column":8},"end":{"line":57,"column":70}},"2":{"start":{"line":58,"column":8},"end":{"line":58,"column":44}},"3":{"start":{"line":59,"column":8},"end":{"line":59,"column":2145}},"4":{"start":{"line":60,"column":12},"end":{"line":60,"column":63}},"5":{"start":{"line":61,"column":12},"end":{"line":61,"column":60}},"6":{"start":{"line":62,"column":12},"end":{"line":62,"column":27}},"7":{"start":{"line":64,"column":8},"end":{"line":64,"column":64}},"8":{"start":{"line":65,"column":8},"end":{"line":65,"column":69}},"9":{"start":{"line":67,"column":8},"end":{"line":67,"column":30}},"10":{"start":{"line":68,"column":8},"end":{"line":68,"column":23}},"11":{"start":{"line":69,"column":8},"end":{"line":69,"column":31}},"12":{"start":{"line":70,"column":8},"end":{"line":70,"column":25}},"13":{"start":{"line":71,"column":8},"end":{"line":71,"column":25}},"14":{"start":{"line":72,"column":8},"end":{"line":72,"column":27}},"15":{"start":{"line":73,"column":8},"end":{"line":73,"column":29}},"16":{"start":{"line":74,"column":8},"end":{"line":74,"column":35}},"17":{"start":{"line":76,"column":8},"end":{"line":76,"column":20}},"18":{"start":{"line":79,"column":8},"end":{"line":79,"column":20}},"19":{"start":{"line":86,"column":8},"end":{"line":86,"column":23}},"20":{"start":{"line":95,"column":8},"end":{"line":95,"column":23}},"21":{"start":{"line":96,"column":8},"end":{"line":96,"column":21}},"22":{"start":{"line":97,"column":8},"end":{"line":97,"column":3366}},"23":{"start":{"line":98,"column":12},"end":{"line":98,"column":38}},"24":{"start":{"line":100,"column":8},"end":{"line":100,"column":32}},"25":{"start":{"line":100,"column":24},"end":{"line":100,"column":32}},"26":{"start":{"line":102,"column":8},"end":{"line":102,"column":25}},"27":{"start":{"line":103,"column":8},"end":{"line":103,"column":23}},"28":{"start":{"line":104,"column":8},"end":{"line":104,"column":43}},"29":{"start":{"line":105,"column":8},"end":{"line":105,"column":3598}},"30":{"start":{"line":106,"column":12},"end":{"line":106,"column":26}},"31":{"start":{"line":107,"column":12},"end":{"line":107,"column":3670}},"32":{"start":{"line":109,"column":16},"end":{"line":109,"column":69}},"33":{"start":{"line":111,"column":12},"end":{"line":111,"column":20}},"34":{"start":{"line":113,"column":12},"end":{"line":113,"column":124}},"35":{"start":{"line":114,"column":12},"end":{"line":114,"column":4125}},"36":{"start":{"line":115,"column":16},"end":{"line":115,"column":41}},"37":{"start":{"line":117,"column":16},"end":{"line":117,"column":41}},"38":{"start":{"line":121,"column":8},"end":{"line":121,"column":16}},"39":{"start":{"line":133,"column":8},"end":{"line":133,"column":22}},"40":{"start":{"line":134,"column":8},"end":{"line":134,"column":22}},"41":{"start":{"line":135,"column":8},"end":{"line":135,"column":43}},"42":{"start":{"line":136,"column":8},"end":{"line":136,"column":21}},"43":{"start":{"line":137,"column":8},"end":{"line":137,"column":4878}},"44":{"start":{"line":138,"column":12},"end":{"line":138,"column":33}},"45":{"start":{"line":139,"column":12},"end":{"line":139,"column":36}},"46":{"start":{"line":141,"column":12},"end":{"line":141,"column":64}},"47":{"start":{"line":144,"column":8},"end":{"line":144,"column":51}},"48":{"start":{"line":146,"column":8},"end":{"line":146,"column":39}},"49":{"start":{"line":147,"column":8},"end":{"line":147,"column":25}},"50":{"start":{"line":148,"column":8},"end":{"line":148,"column":22}},"51":{"start":{"line":151,"column":8},"end":{"line":151,"column":5368}},"52":{"start":{"line":152,"column":12},"end":{"line":152,"column":20}},"53":{"start":{"line":154,"column":12},"end":{"line":154,"column":59}},"54":{"start":{"line":155,"column":12},"end":{"line":155,"column":5546}},"55":{"start":{"line":156,"column":16},"end":{"line":156,"column":41}},"56":{"start":{"line":158,"column":16},"end":{"line":158,"column":41}},"57":{"start":{"line":162,"column":8},"end":{"line":162,"column":16}},"58":{"start":{"line":171,"column":8},"end":{"line":171,"column":45}},"59":{"start":{"line":172,"column":8},"end":{"line":172,"column":69}},"60":{"start":{"line":174,"column":8},"end":{"line":174,"column":26}},"61":{"start":{"line":175,"column":8},"end":{"line":175,"column":42}},"62":{"start":{"line":176,"column":8},"end":{"line":176,"column":21}},"63":{"start":{"line":177,"column":8},"end":{"line":177,"column":6226}},"64":{"start":{"line":178,"column":12},"end":{"line":178,"column":44}},"65":{"start":{"line":180,"column":12},"end":{"line":180,"column":74}},"66":{"start":{"line":182,"column":8},"end":{"line":182,"column":42}},"67":{"start":{"line":184,"column":8},"end":{"line":184,"column":43}},"68":{"start":{"line":185,"column":8},"end":{"line":185,"column":29}},"69":{"start":{"line":187,"column":8},"end":{"line":187,"column":6638}},"70":{"start":{"line":188,"column":12},"end":{"line":188,"column":66}},"71":{"start":{"line":189,"column":12},"end":{"line":189,"column":49}},"72":{"start":{"line":192,"column":8},"end":{"line":192,"column":38}},"73":{"start":{"line":201,"column":8},"end":{"line":201,"column":45}},"74":{"start":{"line":203,"column":8},"end":{"line":203,"column":55}},"75":{"start":{"line":204,"column":8},"end":{"line":204,"column":70}},"76":{"start":{"line":206,"column":8},"end":{"line":206,"column":26}},"77":{"start":{"line":207,"column":8},"end":{"line":207,"column":42}},"78":{"start":{"line":208,"column":8},"end":{"line":208,"column":21}},"79":{"start":{"line":209,"column":8},"end":{"line":209,"column":7457}},"80":{"start":{"line":210,"column":12},"end":{"line":210,"column":7514}},"81":{"start":{"line":212,"column":16},"end":{"line":212,"column":47}},"82":{"start":{"line":215,"column":12},"end":{"line":215,"column":74}},"83":{"start":{"line":217,"column":8},"end":{"line":217,"column":42}},"84":{"start":{"line":219,"column":8},"end":{"line":219,"column":43}},"85":{"start":{"line":221,"column":8},"end":{"line":221,"column":29}},"86":{"start":{"line":222,"column":8},"end":{"line":222,"column":25}},"87":{"start":{"line":223,"column":8},"end":{"line":223,"column":7987}},"88":{"start":{"line":224,"column":12},"end":{"line":224,"column":62}},"89":{"start":{"line":225,"column":12},"end":{"line":225,"column":49}},"90":{"start":{"line":227,"column":8},"end":{"line":227,"column":67}},"91":{"start":{"line":230,"column":8},"end":{"line":230,"column":8249}},"92":{"start":{"line":231,"column":12},"end":{"line":231,"column":45}},"93":{"start":{"line":233,"column":12},"end":{"line":233,"column":37}},"94":{"start":{"line":234,"column":12},"end":{"line":234,"column":85}},"95":{"start":{"line":236,"column":8},"end":{"line":236,"column":70}},"96":{"start":{"line":237,"column":8},"end":{"line":237,"column":69}},"97":{"start":{"line":239,"column":8},"end":{"line":239,"column":64}},"98":{"start":{"line":250,"column":8},"end":{"line":250,"column":45}},"99":{"start":{"line":251,"column":8},"end":{"line":251,"column":38}},"100":{"start":{"line":252,"column":8},"end":{"line":252,"column":51}},"101":{"start":{"line":253,"column":8},"end":{"line":253,"column":52}},"102":{"start":{"line":254,"column":8},"end":{"line":254,"column":41}},"103":{"start":{"line":256,"column":8},"end":{"line":256,"column":26}},"104":{"start":{"line":257,"column":8},"end":{"line":257,"column":39}},"105":{"start":{"line":259,"column":8},"end":{"line":259,"column":65}},"106":{"start":{"line":260,"column":8},"end":{"line":260,"column":46}},"107":{"start":{"line":262,"column":8},"end":{"line":262,"column":68}},"108":{"start":{"line":264,"column":8},"end":{"line":264,"column":9763}},"109":{"start":{"line":265,"column":12},"end":{"line":265,"column":59}},"110":{"start":{"line":268,"column":8},"end":{"line":268,"column":17}},"111":{"start":{"line":279,"column":8},"end":{"line":279,"column":45}},"112":{"start":{"line":281,"column":8},"end":{"line":281,"column":55}},"113":{"start":{"line":282,"column":8},"end":{"line":282,"column":38}},"114":{"start":{"line":283,"column":8},"end":{"line":283,"column":51}},"115":{"start":{"line":284,"column":8},"end":{"line":284,"column":52}},"116":{"start":{"line":285,"column":8},"end":{"line":285,"column":41}},"117":{"start":{"line":287,"column":8},"end":{"line":287,"column":26}},"118":{"start":{"line":288,"column":8},"end":{"line":288,"column":39}},"119":{"start":{"line":290,"column":8},"end":{"line":290,"column":65}},"120":{"start":{"line":291,"column":8},"end":{"line":291,"column":46}},"121":{"start":{"line":293,"column":8},"end":{"line":293,"column":68}},"122":{"start":{"line":295,"column":8},"end":{"line":295,"column":23}},"123":{"start":{"line":296,"column":8},"end":{"line":296,"column":35}},"124":{"start":{"line":298,"column":8},"end":{"line":298,"column":29}},"125":{"start":{"line":299,"column":8},"end":{"line":299,"column":11157}},"126":{"start":{"line":300,"column":12},"end":{"line":300,"column":55}},"127":{"start":{"line":302,"column":8},"end":{"line":302,"column":51}},"128":{"start":{"line":304,"column":8},"end":{"line":304,"column":74}},"129":{"start":{"line":310,"column":8},"end":{"line":310,"column":54}},"130":{"start":{"line":312,"column":8},"end":{"line":312,"column":70}},"131":{"start":{"line":321,"column":8},"end":{"line":321,"column":45}},"132":{"start":{"line":322,"column":8},"end":{"line":322,"column":42}},"133":{"start":{"line":324,"column":8},"end":{"line":324,"column":26}},"134":{"start":{"line":325,"column":8},"end":{"line":325,"column":39}},"135":{"start":{"line":326,"column":8},"end":{"line":326,"column":66}},"136":{"start":{"line":327,"column":8},"end":{"line":327,"column":29}},"137":{"start":{"line":328,"column":8},"end":{"line":328,"column":12452}},"138":{"start":{"line":329,"column":12},"end":{"line":329,"column":65}},"139":{"start":{"line":331,"column":12},"end":{"line":331,"column":43}},"140":{"start":{"line":334,"column":8},"end":{"line":334,"column":12682}},"141":{"start":{"line":337,"column":12},"end":{"line":337,"column":75}},"142":{"start":{"line":340,"column":8},"end":{"line":340,"column":35}},"143":{"start":{"line":349,"column":8},"end":{"line":349,"column":45}},"144":{"start":{"line":351,"column":8},"end":{"line":351,"column":55}},"145":{"start":{"line":352,"column":8},"end":{"line":352,"column":42}},"146":{"start":{"line":353,"column":8},"end":{"line":353,"column":76}},"147":{"start":{"line":355,"column":8},"end":{"line":355,"column":26}},"148":{"start":{"line":356,"column":8},"end":{"line":356,"column":39}},"149":{"start":{"line":357,"column":8},"end":{"line":357,"column":66}},"150":{"start":{"line":358,"column":8},"end":{"line":358,"column":31}},"151":{"start":{"line":359,"column":8},"end":{"line":359,"column":25}},"152":{"start":{"line":360,"column":8},"end":{"line":360,"column":13846}},"153":{"start":{"line":361,"column":12},"end":{"line":361,"column":59}},"154":{"start":{"line":364,"column":12},"end":{"line":364,"column":82}},"155":{"start":{"line":365,"column":12},"end":{"line":365,"column":43}},"156":{"start":{"line":368,"column":8},"end":{"line":368,"column":14200}},"157":{"start":{"line":371,"column":12},"end":{"line":371,"column":66}},"158":{"start":{"line":373,"column":12},"end":{"line":373,"column":54}},"159":{"start":{"line":374,"column":12},"end":{"line":374,"column":77}},"160":{"start":{"line":376,"column":12},"end":{"line":376,"column":54}},"161":{"start":{"line":377,"column":12},"end":{"line":377,"column":65}},"162":{"start":{"line":381,"column":8},"end":{"line":381,"column":66}},"163":{"start":{"line":383,"column":8},"end":{"line":383,"column":77}},"164":{"start":{"line":393,"column":8},"end":{"line":393,"column":45}},"165":{"start":{"line":394,"column":8},"end":{"line":394,"column":42}},"166":{"start":{"line":395,"column":8},"end":{"line":395,"column":54}},"167":{"start":{"line":397,"column":8},"end":{"line":397,"column":26}},"168":{"start":{"line":398,"column":8},"end":{"line":398,"column":39}},"169":{"start":{"line":399,"column":8},"end":{"line":399,"column":29}},"170":{"start":{"line":400,"column":8},"end":{"line":400,"column":15779}},"171":{"start":{"line":401,"column":12},"end":{"line":401,"column":65}},"172":{"start":{"line":403,"column":12},"end":{"line":403,"column":43}},"173":{"start":{"line":406,"column":8},"end":{"line":406,"column":59}},"174":{"start":{"line":407,"column":8},"end":{"line":407,"column":61}},"175":{"start":{"line":409,"column":8},"end":{"line":409,"column":30}},"176":{"start":{"line":419,"column":8},"end":{"line":419,"column":45}},"177":{"start":{"line":421,"column":8},"end":{"line":421,"column":55}},"178":{"start":{"line":422,"column":8},"end":{"line":422,"column":42}},"179":{"start":{"line":423,"column":8},"end":{"line":423,"column":54}},"180":{"start":{"line":425,"column":8},"end":{"line":425,"column":26}},"181":{"start":{"line":426,"column":8},"end":{"line":426,"column":39}},"182":{"start":{"line":427,"column":8},"end":{"line":427,"column":31}},"183":{"start":{"line":428,"column":8},"end":{"line":428,"column":29}},"184":{"start":{"line":429,"column":8},"end":{"line":429,"column":16993}},"185":{"start":{"line":431,"column":12},"end":{"line":431,"column":59}},"186":{"start":{"line":433,"column":12},"end":{"line":433,"column":82}},"187":{"start":{"line":434,"column":12},"end":{"line":434,"column":43}},"188":{"start":{"line":438,"column":8},"end":{"line":438,"column":59}},"189":{"start":{"line":440,"column":8},"end":{"line":440,"column":61}},"190":{"start":{"line":441,"column":8},"end":{"line":441,"column":61}},"191":{"start":{"line":443,"column":8},"end":{"line":443,"column":23}},"192":{"start":{"line":444,"column":8},"end":{"line":444,"column":66}},"193":{"start":{"line":445,"column":8},"end":{"line":445,"column":23}},"194":{"start":{"line":447,"column":8},"end":{"line":447,"column":54}},"195":{"start":{"line":448,"column":8},"end":{"line":448,"column":66}},"196":{"start":{"line":450,"column":8},"end":{"line":450,"column":77}},"197":{"start":{"line":459,"column":8},"end":{"line":459,"column":45}},"198":{"start":{"line":460,"column":8},"end":{"line":460,"column":70}},"199":{"start":{"line":462,"column":8},"end":{"line":462,"column":26}},"200":{"start":{"line":463,"column":8},"end":{"line":463,"column":42}},"201":{"start":{"line":464,"column":8},"end":{"line":464,"column":18518}},"202":{"start":{"line":465,"column":12},"end":{"line":465,"column":44}},"203":{"start":{"line":467,"column":12},"end":{"line":467,"column":74}},"204":{"start":{"line":469,"column":8},"end":{"line":469,"column":42}},"205":{"start":{"line":472,"column":8},"end":{"line":472,"column":45}},"206":{"start":{"line":473,"column":8},"end":{"line":473,"column":29}},"207":{"start":{"line":474,"column":8},"end":{"line":474,"column":18941}},"208":{"start":{"line":475,"column":12},"end":{"line":475,"column":93}},"209":{"start":{"line":476,"column":12},"end":{"line":476,"column":55}},"210":{"start":{"line":479,"column":8},"end":{"line":479,"column":40}},"211":{"start":{"line":488,"column":8},"end":{"line":488,"column":45}},"212":{"start":{"line":489,"column":8},"end":{"line":489,"column":70}},"213":{"start":{"line":491,"column":8},"end":{"line":491,"column":55}},"214":{"start":{"line":493,"column":8},"end":{"line":493,"column":26}},"215":{"start":{"line":494,"column":8},"end":{"line":494,"column":42}},"216":{"start":{"line":495,"column":8},"end":{"line":495,"column":21}},"217":{"start":{"line":496,"column":8},"end":{"line":496,"column":19809}},"218":{"start":{"line":497,"column":12},"end":{"line":497,"column":44}},"219":{"start":{"line":499,"column":12},"end":{"line":499,"column":74}},"220":{"start":{"line":501,"column":8},"end":{"line":501,"column":42}},"221":{"start":{"line":504,"column":8},"end":{"line":504,"column":45}},"222":{"start":{"line":505,"column":8},"end":{"line":505,"column":31}},"223":{"start":{"line":506,"column":8},"end":{"line":506,"column":29}},"224":{"start":{"line":507,"column":8},"end":{"line":507,"column":20257}},"225":{"start":{"line":508,"column":12},"end":{"line":508,"column":87}},"226":{"start":{"line":509,"column":12},"end":{"line":509,"column":55}},"227":{"start":{"line":511,"column":12},"end":{"line":511,"column":82}},"228":{"start":{"line":513,"column":8},"end":{"line":513,"column":70}},"229":{"start":{"line":516,"column":8},"end":{"line":516,"column":27}},"230":{"start":{"line":517,"column":8},"end":{"line":517,"column":86}},"231":{"start":{"line":518,"column":8},"end":{"line":518,"column":20835}},"232":{"start":{"line":519,"column":12},"end":{"line":519,"column":44}},"233":{"start":{"line":520,"column":12},"end":{"line":520,"column":66}},"234":{"start":{"line":523,"column":8},"end":{"line":523,"column":68}},"235":{"start":{"line":530,"column":8},"end":{"line":530,"column":47}},"236":{"start":{"line":531,"column":8},"end":{"line":531,"column":45}},"237":{"start":{"line":532,"column":8},"end":{"line":532,"column":26}},"238":{"start":{"line":533,"column":8},"end":{"line":533,"column":42}},"239":{"start":{"line":535,"column":8},"end":{"line":535,"column":21392}},"240":{"start":{"line":536,"column":12},"end":{"line":536,"column":87}},"241":{"start":{"line":538,"column":8},"end":{"line":538,"column":42}},"242":{"start":{"line":539,"column":8},"end":{"line":539,"column":42}},"243":{"start":{"line":540,"column":8},"end":{"line":540,"column":36}},"244":{"start":{"line":540,"column":28},"end":{"line":540,"column":36}},"245":{"start":{"line":542,"column":8},"end":{"line":542,"column":27}},"246":{"start":{"line":543,"column":8},"end":{"line":543,"column":44}},"247":{"start":{"line":544,"column":8},"end":{"line":544,"column":71}},"248":{"start":{"line":546,"column":8},"end":{"line":546,"column":51}},"249":{"start":{"line":548,"column":8},"end":{"line":548,"column":24}},"250":{"start":{"line":555,"column":8},"end":{"line":555,"column":58}},"251":{"start":{"line":556,"column":8},"end":{"line":556,"column":31}},"252":{"start":{"line":563,"column":8},"end":{"line":563,"column":58}},"253":{"start":{"line":564,"column":8},"end":{"line":564,"column":25}},"254":{"start":{"line":571,"column":8},"end":{"line":571,"column":58}},"255":{"start":{"line":572,"column":8},"end":{"line":572,"column":25}},"256":{"start":{"line":579,"column":8},"end":{"line":579,"column":58}},"257":{"start":{"line":580,"column":8},"end":{"line":580,"column":29}},"258":{"start":{"line":587,"column":8},"end":{"line":587,"column":58}},"259":{"start":{"line":588,"column":8},"end":{"line":588,"column":70}},"260":{"start":{"line":589,"column":8},"end":{"line":589,"column":35}},"261":{"start":{"line":596,"column":8},"end":{"line":596,"column":58}},"262":{"start":{"line":597,"column":8},"end":{"line":597,"column":64}},"263":{"start":{"line":598,"column":8},"end":{"line":598,"column":29}},"264":{"start":{"line":605,"column":8},"end":{"line":605,"column":58}},"265":{"start":{"line":606,"column":8},"end":{"line":606,"column":33}},"266":{"start":{"line":608,"column":8},"end":{"line":608,"column":20}},"267":{"start":{"line":615,"column":8},"end":{"line":615,"column":58}},"268":{"start":{"line":616,"column":8},"end":{"line":616,"column":36}},"269":{"start":{"line":618,"column":8},"end":{"line":618,"column":21}},"270":{"start":{"line":627,"column":8},"end":{"line":627,"column":58}},"271":{"start":{"line":628,"column":8},"end":{"line":628,"column":59}},"272":{"start":{"line":630,"column":8},"end":{"line":630,"column":34}}},"branchMap":{"1":{"line":57,"type":"if","locations":[{"start":{"line":57,"column":8},"end":{"line":57,"column":8}},{"start":{"line":57,"column":8},"end":{"line":57,"column":8}}]},"2":{"line":58,"type":"if","locations":[{"start":{"line":58,"column":8},"end":{"line":58,"column":8}},{"start":{"line":58,"column":8},"end":{"line":58,"column":8}}]},"3":{"line":60,"type":"if","locations":[{"start":{"line":60,"column":12},"end":{"line":60,"column":12}},{"start":{"line":60,"column":12},"end":{"line":60,"column":12}}]},"4":{"line":61,"type":"if","locations":[{"start":{"line":61,"column":12},"end":{"line":61,"column":12}},{"start":{"line":61,"column":12},"end":{"line":61,"column":12}}]},"5":{"line":64,"type":"if","locations":[{"start":{"line":64,"column":8},"end":{"line":64,"column":8}},{"start":{"line":64,"column":8},"end":{"line":64,"column":8}}]},"6":{"line":65,"type":"if","locations":[{"start":{"line":65,"column":8},"end":{"line":65,"column":8}},{"start":{"line":65,"column":8},"end":{"line":65,"column":8}}]},"7":{"line":100,"type":"if","locations":[{"start":{"line":100,"column":8},"end":{"line":100,"column":8}},{"start":{"line":100,"column":8},"end":{"line":100,"column":8}}]},"8":{"line":114,"type":"if","locations":[{"start":{"line":114,"column":12},"end":{"line":114,"column":12}},{"start":{"line":114,"column":12},"end":{"line":114,"column":12}}]},"9":{"line":115,"type":"if","locations":[{"start":{"line":115,"column":16},"end":{"line":115,"column":16}},{"start":{"line":115,"column":16},"end":{"line":115,"column":16}}]},"10":{"line":117,"type":"if","locations":[{"start":{"line":117,"column":16},"end":{"line":117,"column":16}},{"start":{"line":117,"column":16},"end":{"line":117,"column":16}}]},"11":{"line":138,"type":"if","locations":[{"start":{"line":138,"column":12},"end":{"line":138,"column":12}},{"start":{"line":138,"column":12},"end":{"line":138,"column":12}}]},"12":{"line":155,"type":"if","locations":[{"start":{"line":155,"column":12},"end":{"line":155,"column":12}},{"start":{"line":155,"column":12},"end":{"line":155,"column":12}}]},"13":{"line":156,"type":"if","locations":[{"start":{"line":156,"column":16},"end":{"line":156,"column":16}},{"start":{"line":156,"column":16},"end":{"line":156,"column":16}}]},"14":{"line":158,"type":"if","locations":[{"start":{"line":158,"column":16},"end":{"line":158,"column":16}},{"start":{"line":158,"column":16},"end":{"line":158,"column":16}}]},"15":{"line":172,"type":"if","locations":[{"start":{"line":172,"column":8},"end":{"line":172,"column":8}},{"start":{"line":172,"column":8},"end":{"line":172,"column":8}}]},"16":{"line":178,"type":"if","locations":[{"start":{"line":178,"column":12},"end":{"line":178,"column":12}},{"start":{"line":178,"column":12},"end":{"line":178,"column":12}}]},"17":{"line":187,"type":"if","locations":[{"start":{"line":187,"column":8},"end":{"line":187,"column":8}},{"start":{"line":187,"column":8},"end":{"line":187,"column":8}}]},"18":{"line":203,"type":"if","locations":[{"start":{"line":203,"column":8},"end":{"line":203,"column":8}},{"start":{"line":203,"column":8},"end":{"line":203,"column":8}}]},"19":{"line":204,"type":"if","locations":[{"start":{"line":204,"column":8},"end":{"line":204,"column":8}},{"start":{"line":204,"column":8},"end":{"line":204,"column":8}}]},"20":{"line":210,"type":"if","locations":[{"start":{"line":210,"column":12},"end":{"line":210,"column":12}},{"start":{"line":210,"column":12},"end":{"line":210,"column":12}}]},"21":{"line":212,"type":"if","locations":[{"start":{"line":212,"column":16},"end":{"line":212,"column":16}},{"start":{"line":212,"column":16},"end":{"line":212,"column":16}}]},"22":{"line":223,"type":"if","locations":[{"start":{"line":223,"column":8},"end":{"line":223,"column":8}},{"start":{"line":223,"column":8},"end":{"line":223,"column":8}}]},"23":{"line":227,"type":"if","locations":[{"start":{"line":227,"column":8},"end":{"line":227,"column":8}},{"start":{"line":227,"column":8},"end":{"line":227,"column":8}}]},"24":{"line":231,"type":"if","locations":[{"start":{"line":231,"column":12},"end":{"line":231,"column":12}},{"start":{"line":231,"column":12},"end":{"line":231,"column":12}}]},"25":{"line":251,"type":"if","locations":[{"start":{"line":251,"column":8},"end":{"line":251,"column":8}},{"start":{"line":251,"column":8},"end":{"line":251,"column":8}}]},"26":{"line":252,"type":"if","locations":[{"start":{"line":252,"column":8},"end":{"line":252,"column":8}},{"start":{"line":252,"column":8},"end":{"line":252,"column":8}}]},"27":{"line":253,"type":"if","locations":[{"start":{"line":253,"column":8},"end":{"line":253,"column":8}},{"start":{"line":253,"column":8},"end":{"line":253,"column":8}}]},"28":{"line":254,"type":"if","locations":[{"start":{"line":254,"column":8},"end":{"line":254,"column":8}},{"start":{"line":254,"column":8},"end":{"line":254,"column":8}}]},"29":{"line":264,"type":"if","locations":[{"start":{"line":264,"column":8},"end":{"line":264,"column":8}},{"start":{"line":264,"column":8},"end":{"line":264,"column":8}}]},"30":{"line":281,"type":"if","locations":[{"start":{"line":281,"column":8},"end":{"line":281,"column":8}},{"start":{"line":281,"column":8},"end":{"line":281,"column":8}}]},"31":{"line":282,"type":"if","locations":[{"start":{"line":282,"column":8},"end":{"line":282,"column":8}},{"start":{"line":282,"column":8},"end":{"line":282,"column":8}}]},"32":{"line":283,"type":"if","locations":[{"start":{"line":283,"column":8},"end":{"line":283,"column":8}},{"start":{"line":283,"column":8},"end":{"line":283,"column":8}}]},"33":{"line":284,"type":"if","locations":[{"start":{"line":284,"column":8},"end":{"line":284,"column":8}},{"start":{"line":284,"column":8},"end":{"line":284,"column":8}}]},"34":{"line":285,"type":"if","locations":[{"start":{"line":285,"column":8},"end":{"line":285,"column":8}},{"start":{"line":285,"column":8},"end":{"line":285,"column":8}}]},"35":{"line":299,"type":"if","locations":[{"start":{"line":299,"column":8},"end":{"line":299,"column":8}},{"start":{"line":299,"column":8},"end":{"line":299,"column":8}}]},"36":{"line":302,"type":"if","locations":[{"start":{"line":302,"column":8},"end":{"line":302,"column":8}},{"start":{"line":302,"column":8},"end":{"line":302,"column":8}}]},"37":{"line":322,"type":"if","locations":[{"start":{"line":322,"column":8},"end":{"line":322,"column":8}},{"start":{"line":322,"column":8},"end":{"line":322,"column":8}}]},"38":{"line":328,"type":"if","locations":[{"start":{"line":328,"column":8},"end":{"line":328,"column":8}},{"start":{"line":328,"column":8},"end":{"line":328,"column":8}}]},"39":{"line":351,"type":"if","locations":[{"start":{"line":351,"column":8},"end":{"line":351,"column":8}},{"start":{"line":351,"column":8},"end":{"line":351,"column":8}}]},"40":{"line":352,"type":"if","locations":[{"start":{"line":352,"column":8},"end":{"line":352,"column":8}},{"start":{"line":352,"column":8},"end":{"line":352,"column":8}}]},"41":{"line":353,"type":"if","locations":[{"start":{"line":353,"column":8},"end":{"line":353,"column":8}},{"start":{"line":353,"column":8},"end":{"line":353,"column":8}}]},"42":{"line":360,"type":"if","locations":[{"start":{"line":360,"column":8},"end":{"line":360,"column":8}},{"start":{"line":360,"column":8},"end":{"line":360,"column":8}}]},"43":{"line":374,"type":"if","locations":[{"start":{"line":374,"column":12},"end":{"line":374,"column":12}},{"start":{"line":374,"column":12},"end":{"line":374,"column":12}}]},"44":{"line":394,"type":"if","locations":[{"start":{"line":394,"column":8},"end":{"line":394,"column":8}},{"start":{"line":394,"column":8},"end":{"line":394,"column":8}}]},"45":{"line":395,"type":"if","locations":[{"start":{"line":395,"column":8},"end":{"line":395,"column":8}},{"start":{"line":395,"column":8},"end":{"line":395,"column":8}}]},"46":{"line":400,"type":"if","locations":[{"start":{"line":400,"column":8},"end":{"line":400,"column":8}},{"start":{"line":400,"column":8},"end":{"line":400,"column":8}}]},"47":{"line":421,"type":"if","locations":[{"start":{"line":421,"column":8},"end":{"line":421,"column":8}},{"start":{"line":421,"column":8},"end":{"line":421,"column":8}}]},"48":{"line":422,"type":"if","locations":[{"start":{"line":422,"column":8},"end":{"line":422,"column":8}},{"start":{"line":422,"column":8},"end":{"line":422,"column":8}}]},"49":{"line":423,"type":"if","locations":[{"start":{"line":423,"column":8},"end":{"line":423,"column":8}},{"start":{"line":423,"column":8},"end":{"line":423,"column":8}}]},"50":{"line":429,"type":"if","locations":[{"start":{"line":429,"column":8},"end":{"line":429,"column":8}},{"start":{"line":429,"column":8},"end":{"line":429,"column":8}}]},"51":{"line":441,"type":"if","locations":[{"start":{"line":441,"column":8},"end":{"line":441,"column":8}},{"start":{"line":441,"column":8},"end":{"line":441,"column":8}}]},"52":{"line":460,"type":"if","locations":[{"start":{"line":460,"column":8},"end":{"line":460,"column":8}},{"start":{"line":460,"column":8},"end":{"line":460,"column":8}}]},"53":{"line":465,"type":"if","locations":[{"start":{"line":465,"column":12},"end":{"line":465,"column":12}},{"start":{"line":465,"column":12},"end":{"line":465,"column":12}}]},"54":{"line":474,"type":"if","locations":[{"start":{"line":474,"column":8},"end":{"line":474,"column":8}},{"start":{"line":474,"column":8},"end":{"line":474,"column":8}}]},"55":{"line":489,"type":"if","locations":[{"start":{"line":489,"column":8},"end":{"line":489,"column":8}},{"start":{"line":489,"column":8},"end":{"line":489,"column":8}}]},"56":{"line":491,"type":"if","locations":[{"start":{"line":491,"column":8},"end":{"line":491,"column":8}},{"start":{"line":491,"column":8},"end":{"line":491,"column":8}}]},"57":{"line":497,"type":"if","locations":[{"start":{"line":497,"column":12},"end":{"line":497,"column":12}},{"start":{"line":497,"column":12},"end":{"line":497,"column":12}}]},"58":{"line":507,"type":"if","locations":[{"start":{"line":507,"column":8},"end":{"line":507,"column":8}},{"start":{"line":507,"column":8},"end":{"line":507,"column":8}}]},"59":{"line":513,"type":"if","locations":[{"start":{"line":513,"column":8},"end":{"line":513,"column":8}},{"start":{"line":513,"column":8},"end":{"line":513,"column":8}}]},"60":{"line":519,"type":"if","locations":[{"start":{"line":519,"column":12},"end":{"line":519,"column":12}},{"start":{"line":519,"column":12},"end":{"line":519,"column":12}}]},"61":{"line":530,"type":"if","locations":[{"start":{"line":530,"column":8},"end":{"line":530,"column":8}},{"start":{"line":530,"column":8},"end":{"line":530,"column":8}}]},"62":{"line":540,"type":"if","locations":[{"start":{"line":540,"column":8},"end":{"line":540,"column":8}},{"start":{"line":540,"column":8},"end":{"line":540,"column":8}}]},"63":{"line":555,"type":"if","locations":[{"start":{"line":555,"column":8},"end":{"line":555,"column":8}},{"start":{"line":555,"column":8},"end":{"line":555,"column":8}}]},"64":{"line":563,"type":"if","locations":[{"start":{"line":563,"column":8},"end":{"line":563,"column":8}},{"start":{"line":563,"column":8},"end":{"line":563,"column":8}}]},"65":{"line":571,"type":"if","locations":[{"start":{"line":571,"column":8},"end":{"line":571,"column":8}},{"start":{"line":571,"column":8},"end":{"line":571,"column":8}}]},"66":{"line":579,"type":"if","locations":[{"start":{"line":579,"column":8},"end":{"line":579,"column":8}},{"start":{"line":579,"column":8},"end":{"line":579,"column":8}}]},"67":{"line":587,"type":"if","locations":[{"start":{"line":587,"column":8},"end":{"line":587,"column":8}},{"start":{"line":587,"column":8},"end":{"line":587,"column":8}}]},"68":{"line":588,"type":"if","locations":[{"start":{"line":588,"column":8},"end":{"line":588,"column":8}},{"start":{"line":588,"column":8},"end":{"line":588,"column":8}}]},"69":{"line":596,"type":"if","locations":[{"start":{"line":596,"column":8},"end":{"line":596,"column":8}},{"start":{"line":596,"column":8},"end":{"line":596,"column":8}}]},"70":{"line":597,"type":"if","locations":[{"start":{"line":597,"column":8},"end":{"line":597,"column":8}},{"start":{"line":597,"column":8},"end":{"line":597,"column":8}}]},"71":{"line":605,"type":"if","locations":[{"start":{"line":605,"column":8},"end":{"line":605,"column":8}},{"start":{"line":605,"column":8},"end":{"line":605,"column":8}}]},"72":{"line":606,"type":"if","locations":[{"start":{"line":606,"column":8},"end":{"line":606,"column":8}},{"start":{"line":606,"column":8},"end":{"line":606,"column":8}}]},"73":{"line":615,"type":"if","locations":[{"start":{"line":615,"column":8},"end":{"line":615,"column":8}},{"start":{"line":615,"column":8},"end":{"line":615,"column":8}}]},"74":{"line":616,"type":"if","locations":[{"start":{"line":616,"column":8},"end":{"line":616,"column":8}},{"start":{"line":616,"column":8},"end":{"line":616,"column":8}}]},"75":{"line":627,"type":"if","locations":[{"start":{"line":627,"column":8},"end":{"line":627,"column":8}},{"start":{"line":627,"column":8},"end":{"line":627,"column":8}}]},"76":{"line":628,"type":"if","locations":[{"start":{"line":628,"column":8},"end":{"line":628,"column":8}},{"start":{"line":628,"column":8},"end":{"line":628,"column":8}}]}}},"contracts/acoconut/ACoconutSwapProxy.sol":{"l":{},"path":"/Users/shengdading/git/acBTC/contracts/acoconut/ACoconutSwapProxy.sol","s":{},"b":{},"f":{"1":0},"fnMap":{"1":{"name":"constructor","line":10,"loc":{"start":{"line":10,"column":4},"end":{"line":10,"column":105}}}},"statementMap":{},"branchMap":{}},"contracts/acoconut/ACoconutVault.sol":{"l":{"29":3,"36":0,"37":0,"38":0,"39":0,"40":0,"47":0,"48":0,"50":0,"57":0,"58":0,"59":0,"60":0,"62":0,"64":0,"66":0,"68":0,"71":0,"72":0,"75":0,"77":0},"path":"/Users/shengdading/git/acBTC/contracts/acoconut/ACoconutVault.sol","s":{"1":3,"2":0,"3":0,"4":0,"5":0,"6":0,"7":0,"8":0,"9":0,"10":0,"11":0,"12":0,"13":0,"14":0,"15":0,"16":0,"17":0,"18":0,"19":0,"20":0,"21":0},"b":{"1":[0,0],"2":[0,0],"3":[0,0],"4":[0,0],"5":[0,0],"6":[0,0],"7":[0,0],"8":[0,0],"9":[0,0],"10":[0,0],"11":[0,0]},"f":{"1":3,"2":0,"3":0,"4":0},"fnMap":{"1":{"name":"constructor","line":28,"loc":{"start":{"line":27,"column":4},"end":{"line":30,"column":4}}},"2":{"name":"setMigrator","line":35,"loc":{"start":{"line":35,"column":4},"end":{"line":41,"column":4}}},"3":{"name":"setMigrationDue","line":46,"loc":{"start":{"line":46,"column":4},"end":{"line":51,"column":4}}},"4":{"name":"migrate","line":56,"loc":{"start":{"line":56,"column":4},"end":{"line":78,"column":4}}}},"statementMap":{"1":{"start":{"line":29,"column":8},"end":{"line":29,"column":35}},"2":{"start":{"line":36,"column":8},"end":{"line":36,"column":58}},"3":{"start":{"line":37,"column":8},"end":{"line":37,"column":61}},"4":{"start":{"line":38,"column":8},"end":{"line":38,"column":37}},"5":{"start":{"line":39,"column":8},"end":{"line":39,"column":80}},"6":{"start":{"line":40,"column":8},"end":{"line":40,"column":27}},"7":{"start":{"line":47,"column":8},"end":{"line":47,"column":58}},"8":{"start":{"line":48,"column":8},"end":{"line":48,"column":37}},"9":{"start":{"line":50,"column":8},"end":{"line":50,"column":35}},"10":{"start":{"line":57,"column":8},"end":{"line":57,"column":58}},"11":{"start":{"line":58,"column":8},"end":{"line":58,"column":58}},"12":{"start":{"line":59,"column":8},"end":{"line":59,"column":37}},"13":{"start":{"line":60,"column":8},"end":{"line":60,"column":60}},"14":{"start":{"line":62,"column":8},"end":{"line":62,"column":2112}},"15":{"start":{"line":64,"column":12},"end":{"line":64,"column":40}},"16":{"start":{"line":66,"column":12},"end":{"line":66,"column":44}},"17":{"start":{"line":68,"column":8},"end":{"line":68,"column":83}},"18":{"start":{"line":71,"column":8},"end":{"line":71,"column":36}},"19":{"start":{"line":72,"column":8},"end":{"line":72,"column":22}},"20":{"start":{"line":75,"column":8},"end":{"line":75,"column":48}},"21":{"start":{"line":77,"column":8},"end":{"line":77,"column":30}}},"branchMap":{"1":{"line":36,"type":"if","locations":[{"start":{"line":36,"column":8},"end":{"line":36,"column":8}},{"start":{"line":36,"column":8},"end":{"line":36,"column":8}}]},"2":{"line":37,"type":"if","locations":[{"start":{"line":37,"column":8},"end":{"line":37,"column":8}},{"start":{"line":37,"column":8},"end":{"line":37,"column":8}}]},"3":{"line":38,"type":"if","locations":[{"start":{"line":38,"column":8},"end":{"line":38,"column":8}},{"start":{"line":38,"column":8},"end":{"line":38,"column":8}}]},"4":{"line":39,"type":"if","locations":[{"start":{"line":39,"column":8},"end":{"line":39,"column":8}},{"start":{"line":39,"column":8},"end":{"line":39,"column":8}}]},"5":{"line":47,"type":"if","locations":[{"start":{"line":47,"column":8},"end":{"line":47,"column":8}},{"start":{"line":47,"column":8},"end":{"line":47,"column":8}}]},"6":{"line":48,"type":"if","locations":[{"start":{"line":48,"column":8},"end":{"line":48,"column":8}},{"start":{"line":48,"column":8},"end":{"line":48,"column":8}}]},"7":{"line":57,"type":"if","locations":[{"start":{"line":57,"column":8},"end":{"line":57,"column":8}},{"start":{"line":57,"column":8},"end":{"line":57,"column":8}}]},"8":{"line":58,"type":"if","locations":[{"start":{"line":58,"column":8},"end":{"line":58,"column":8}},{"start":{"line":58,"column":8},"end":{"line":58,"column":8}}]},"9":{"line":59,"type":"if","locations":[{"start":{"line":59,"column":8},"end":{"line":59,"column":8}},{"start":{"line":59,"column":8},"end":{"line":59,"column":8}}]},"10":{"line":60,"type":"if","locations":[{"start":{"line":60,"column":8},"end":{"line":60,"column":8}},{"start":{"line":60,"column":8},"end":{"line":60,"column":8}}]},"11":{"line":62,"type":"if","locations":[{"start":{"line":62,"column":8},"end":{"line":62,"column":8}},{"start":{"line":62,"column":8},"end":{"line":62,"column":8}}]}}},"contracts/acoconut/CurveRenCrvMigrator.sol":{"l":{"26":0,"27":0,"28":0,"29":0,"30":0,"32":0,"33":0,"34":0,"36":0,"37":0,"38":0,"39":0,"41":0,"42":0,"43":0},"path":"/Users/shengdading/git/acBTC/contracts/acoconut/CurveRenCrvMigrator.sol","s":{"1":0,"2":0,"3":0,"4":0,"5":0,"6":0,"7":0,"8":0,"9":0,"10":0,"11":0,"12":0,"13":0,"14":0,"15":0},"b":{"1":[0,0],"2":[0,0],"3":[0,0],"4":[0,0]},"f":{"1":0},"fnMap":{"1":{"name":"migrate","line":25,"loc":{"start":{"line":25,"column":4},"end":{"line":45,"column":4}}}},"statementMap":{"1":{"start":{"line":26,"column":8},"end":{"line":26,"column":50}},"2":{"start":{"line":27,"column":8},"end":{"line":27,"column":61}},"3":{"start":{"line":28,"column":8},"end":{"line":28,"column":41}},"4":{"start":{"line":29,"column":8},"end":{"line":29,"column":1370}},"5":{"start":{"line":30,"column":12},"end":{"line":30,"column":67}},"6":{"start":{"line":32,"column":8},"end":{"line":32,"column":61}},"7":{"start":{"line":33,"column":8},"end":{"line":33,"column":65}},"8":{"start":{"line":34,"column":8},"end":{"line":34,"column":1605}},"9":{"start":{"line":36,"column":12},"end":{"line":36,"column":55}},"10":{"start":{"line":37,"column":12},"end":{"line":37,"column":29}},"11":{"start":{"line":38,"column":12},"end":{"line":38,"column":31}},"12":{"start":{"line":39,"column":12},"end":{"line":39,"column":48}},"13":{"start":{"line":41,"column":8},"end":{"line":41,"column":59}},"14":{"start":{"line":42,"column":8},"end":{"line":42,"column":1955}},"15":{"start":{"line":43,"column":12},"end":{"line":43,"column":50}}},"branchMap":{"1":{"line":26,"type":"if","locations":[{"start":{"line":26,"column":8},"end":{"line":26,"column":8}},{"start":{"line":26,"column":8},"end":{"line":26,"column":8}}]},"2":{"line":29,"type":"if","locations":[{"start":{"line":29,"column":8},"end":{"line":29,"column":8}},{"start":{"line":29,"column":8},"end":{"line":29,"column":8}}]},"3":{"line":34,"type":"if","locations":[{"start":{"line":34,"column":8},"end":{"line":34,"column":8}},{"start":{"line":34,"column":8},"end":{"line":34,"column":8}}]},"4":{"line":42,"type":"if","locations":[{"start":{"line":42,"column":8},"end":{"line":42,"column":8}},{"start":{"line":42,"column":8},"end":{"line":42,"column":8}}]}}},"contracts/acoconut/StrategyACoconutBTC.sol":{"l":{"29":0,"30":0,"31":0,"32":0,"36":0,"37":0,"41":0,"42":0,"44":0,"48":0,"49":0,"51":0,"58":0,"72":0,"79":0,"80":0,"82":0,"89":0,"90":0,"91":0,"92":0,"93":0},"path":"/Users/shengdading/git/acBTC/contracts/acoconut/StrategyACoconutBTC.sol","s":{"1":0,"2":0,"3":0,"4":0,"5":0,"6":0,"7":0,"8":0,"9":0,"10":0,"11":0,"12":0,"13":0,"14":0,"15":0,"16":0,"17":0,"18":0,"19":0,"20":0,"21":0,"22":0},"b":{"1":[0,0],"2":[0,0],"3":[0,0],"4":[0,0],"5":[0,0],"6":[0,0],"7":[0,0],"8":[0,0]},"f":{"1":0,"2":0,"3":0,"4":0,"5":0,"6":0,"7":0,"8":0,"9":0},"fnMap":{"1":{"name":"constructor","line":28,"loc":{"start":{"line":28,"column":4},"end":{"line":33,"column":4}}},"2":{"name":"setGovernance","line":35,"loc":{"start":{"line":35,"column":4},"end":{"line":38,"column":4}}},"3":{"name":"setReserveRate","line":40,"loc":{"start":{"line":40,"column":4},"end":{"line":45,"column":4}}},"4":{"name":"setReserveRecipient","line":47,"loc":{"start":{"line":47,"column":4},"end":{"line":52,"column":4}}},"5":{"name":"balanceOf","line":57,"loc":{"start":{"line":57,"column":4},"end":{"line":59,"column":4}}},"6":{"name":"deposit","line":64,"loc":{"start":{"line":64,"column":4},"end":{"line":66,"column":4}}},"7":{"name":"withdraw","line":71,"loc":{"start":{"line":71,"column":4},"end":{"line":73,"column":4}}},"8":{"name":"withdrawAll","line":78,"loc":{"start":{"line":78,"column":4},"end":{"line":83,"column":4}}},"9":{"name":"harvest","line":88,"loc":{"start":{"line":88,"column":4},"end":{"line":95,"column":4}}}},"statementMap":{"1":{"start":{"line":29,"column":8},"end":{"line":29,"column":55}},"2":{"start":{"line":30,"column":8},"end":{"line":30,"column":30}},"3":{"start":{"line":31,"column":8},"end":{"line":31,"column":36}},"4":{"start":{"line":32,"column":8},"end":{"line":32,"column":21}},"5":{"start":{"line":36,"column":8},"end":{"line":36,"column":58}},"6":{"start":{"line":37,"column":8},"end":{"line":37,"column":31}},"7":{"start":{"line":41,"column":8},"end":{"line":41,"column":58}},"8":{"start":{"line":42,"column":8},"end":{"line":42,"column":62}},"9":{"start":{"line":44,"column":8},"end":{"line":44,"column":33}},"10":{"start":{"line":48,"column":8},"end":{"line":48,"column":58}},"11":{"start":{"line":49,"column":8},"end":{"line":49,"column":70}},"12":{"start":{"line":51,"column":8},"end":{"line":51,"column":43}},"13":{"start":{"line":58,"column":8},"end":{"line":58,"column":52}},"14":{"start":{"line":72,"column":8},"end":{"line":72,"column":56}},"15":{"start":{"line":79,"column":8},"end":{"line":79,"column":37}},"16":{"start":{"line":80,"column":8},"end":{"line":80,"column":48}},"17":{"start":{"line":82,"column":8},"end":{"line":82,"column":22}},"18":{"start":{"line":89,"column":8},"end":{"line":89,"column":48}},"19":{"start":{"line":90,"column":8},"end":{"line":90,"column":62}},"20":{"start":{"line":91,"column":8},"end":{"line":91,"column":2792}},"21":{"start":{"line":92,"column":12},"end":{"line":92,"column":82}},"22":{"start":{"line":93,"column":12},"end":{"line":93,"column":69}}},"branchMap":{"1":{"line":29,"type":"if","locations":[{"start":{"line":29,"column":8},"end":{"line":29,"column":8}},{"start":{"line":29,"column":8},"end":{"line":29,"column":8}}]},"2":{"line":36,"type":"if","locations":[{"start":{"line":36,"column":8},"end":{"line":36,"column":8}},{"start":{"line":36,"column":8},"end":{"line":36,"column":8}}]},"3":{"line":41,"type":"if","locations":[{"start":{"line":41,"column":8},"end":{"line":41,"column":8}},{"start":{"line":41,"column":8},"end":{"line":41,"column":8}}]},"4":{"line":42,"type":"if","locations":[{"start":{"line":42,"column":8},"end":{"line":42,"column":8}},{"start":{"line":42,"column":8},"end":{"line":42,"column":8}}]},"5":{"line":48,"type":"if","locations":[{"start":{"line":48,"column":8},"end":{"line":48,"column":8}},{"start":{"line":48,"column":8},"end":{"line":48,"column":8}}]},"6":{"line":49,"type":"if","locations":[{"start":{"line":49,"column":8},"end":{"line":49,"column":8}},{"start":{"line":49,"column":8},"end":{"line":49,"column":8}}]},"7":{"line":89,"type":"if","locations":[{"start":{"line":89,"column":8},"end":{"line":89,"column":8}},{"start":{"line":89,"column":8},"end":{"line":89,"column":8}}]},"8":{"line":91,"type":"if","locations":[{"start":{"line":91,"column":8},"end":{"line":91,"column":8}},{"start":{"line":91,"column":8},"end":{"line":91,"column":8}}]}}},"contracts/applications/StakingApplication.sol":{"l":{"26":3,"27":3,"29":3,"30":3,"31":3,"38":0,"39":0,"46":0,"47":0,"49":0,"56":0,"57":0,"59":0,"66":0,"67":0,"68":0,"69":0,"71":0,"80":0,"81":0,"82":0,"84":0,"85":0,"86":0,"87":0,"89":0,"90":0,"92":0,"101":0,"102":0,"103":0,"105":0,"106":0,"107":0,"110":0,"111":0,"112":0,"113":0,"114":0,"116":0,"124":0,"125":0,"127":0,"128":0,"129":0,"131":0,"132":0,"133":0,"134":0,"135":0,"136":0,"138":0,"146":0,"147":0,"149":0,"150":0,"151":0,"152":0,"153":0,"154":0,"156":0,"164":0,"165":0,"166":0,"167":0,"169":0,"170":0,"171":0,"172":0,"174":0,"181":0,"182":0,"184":0,"185":0,"193":0,"194":0,"195":0,"196":0,"198":0,"206":0,"207":0,"208":0,"209":0,"211":0},"path":"/Users/shengdading/git/acBTC/contracts/applications/StakingApplication.sol","s":{"1":3,"2":3,"3":3,"4":3,"5":3,"6":0,"7":0,"8":0,"9":0,"10":0,"11":0,"12":0,"13":0,"14":0,"15":0,"16":0,"17":0,"18":0,"19":0,"20":0,"21":0,"22":0,"23":0,"24":0,"25":0,"26":0,"27":0,"28":0,"29":0,"30":0,"31":0,"32":0,"33":0,"34":0,"35":0,"36":0,"37":0,"38":0,"39":0,"40":0,"41":0,"42":0,"43":0,"44":0,"45":0,"46":0,"47":0,"48":0,"49":0,"50":0,"51":0,"52":0,"53":0,"54":0,"55":0,"56":0,"57":0,"58":0,"59":0,"60":0,"61":0,"62":0,"63":0,"64":0,"65":0,"66":0,"67":0,"68":0,"69":0,"70":0,"71":0,"72":0,"73":0,"74":0,"75":0,"76":0,"77":0,"78":0,"79":0,"80":0,"81":0,"82":0,"83":0,"84":0},"b":{"1":[3,0],"2":[3,0],"3":[0,0],"4":[0,0],"5":[0,0],"6":[0,0],"7":[0,0],"8":[0,0],"9":[0,0],"10":[0,0],"11":[0,0],"12":[0,0],"13":[0,0],"14":[0,0],"15":[0,0],"16":[0,0],"17":[0,0],"18":[0,0],"19":[0,0],"20":[0,0],"21":[0,0],"22":[0,0]},"f":{"1":3,"2":0,"3":0,"4":0,"5":0,"6":0,"7":0,"8":0,"9":0,"10":0,"11":0,"12":0,"13":0},"fnMap":{"1":{"name":"constructor","line":25,"loc":{"start":{"line":25,"column":4},"end":{"line":32,"column":4}}},"2":{"name":"setGovernance","line":37,"loc":{"start":{"line":37,"column":4},"end":{"line":40,"column":4}}},"3":{"name":"setAccountFactory","line":45,"loc":{"start":{"line":45,"column":4},"end":{"line":50,"column":4}}},"4":{"name":"setController","line":55,"loc":{"start":{"line":55,"column":4},"end":{"line":60,"column":4}}},"5":{"name":"_getAccount","line":65,"loc":{"start":{"line":65,"column":4},"end":{"line":72,"column":4}}},"6":{"name":"stake","line":79,"loc":{"start":{"line":79,"column":4},"end":{"line":93,"column":4}}},"7":{"name":"unstake","line":100,"loc":{"start":{"line":100,"column":4},"end":{"line":117,"column":4}}},"8":{"name":"unstakeAll","line":123,"loc":{"start":{"line":123,"column":4},"end":{"line":139,"column":4}}},"9":{"name":"claimRewards","line":145,"loc":{"start":{"line":145,"column":4},"end":{"line":157,"column":4}}},"10":{"name":"getStakeBalance","line":163,"loc":{"start":{"line":163,"column":4},"end":{"line":175,"column":4}}},"11":{"name":"getVaultBalance","line":180,"loc":{"start":{"line":180,"column":4},"end":{"line":186,"column":4}}},"12":{"name":"getUnclaimedReward","line":192,"loc":{"start":{"line":192,"column":4},"end":{"line":199,"column":4}}},"13":{"name":"getClaimedReward","line":205,"loc":{"start":{"line":205,"column":4},"end":{"line":212,"column":4}}}},"statementMap":{"1":{"start":{"line":26,"column":8},"end":{"line":26,"column":74}},"2":{"start":{"line":27,"column":8},"end":{"line":27,"column":65}},"3":{"start":{"line":29,"column":8},"end":{"line":29,"column":30}},"4":{"start":{"line":30,"column":8},"end":{"line":30,"column":39}},"5":{"start":{"line":31,"column":8},"end":{"line":31,"column":43}},"6":{"start":{"line":38,"column":8},"end":{"line":38,"column":58}},"7":{"start":{"line":39,"column":8},"end":{"line":39,"column":31}},"8":{"start":{"line":46,"column":8},"end":{"line":46,"column":58}},"9":{"start":{"line":47,"column":8},"end":{"line":47,"column":74}},"10":{"start":{"line":49,"column":8},"end":{"line":49,"column":39}},"11":{"start":{"line":56,"column":8},"end":{"line":56,"column":58}},"12":{"start":{"line":57,"column":8},"end":{"line":57,"column":65}},"13":{"start":{"line":59,"column":8},"end":{"line":59,"column":43}},"14":{"start":{"line":66,"column":8},"end":{"line":66,"column":78}},"15":{"start":{"line":67,"column":8},"end":{"line":67,"column":54}},"16":{"start":{"line":68,"column":8},"end":{"line":68,"column":52}},"17":{"start":{"line":69,"column":8},"end":{"line":69,"column":65}},"18":{"start":{"line":71,"column":8},"end":{"line":71,"column":22}},"19":{"start":{"line":80,"column":8},"end":{"line":80,"column":52}},"20":{"start":{"line":81,"column":8},"end":{"line":81,"column":50}},"21":{"start":{"line":82,"column":8},"end":{"line":82,"column":42}},"22":{"start":{"line":84,"column":8},"end":{"line":84,"column":39}},"23":{"start":{"line":85,"column":8},"end":{"line":85,"column":51}},"24":{"start":{"line":86,"column":8},"end":{"line":86,"column":36}},"25":{"start":{"line":87,"column":8},"end":{"line":87,"column":68}},"26":{"start":{"line":89,"column":8},"end":{"line":89,"column":86}},"27":{"start":{"line":90,"column":8},"end":{"line":90,"column":52}},"28":{"start":{"line":92,"column":8},"end":{"line":92,"column":66}},"29":{"start":{"line":101,"column":8},"end":{"line":101,"column":52}},"30":{"start":{"line":102,"co
[...]
ance","line":45,"loc":{"start":{"line":45,"column":4},"end":{"line":48,"column":4}}},"4":{"name":"setStrategist","line":53,"loc":{"start":{"line":53,"column":4},"end":{"line":56,"column":4}}},"5":{"name":"setStrategy","line":61,"loc":{"start":{"line":61,"column":4},"end":{"line":74,"column":4}}},"6":{"name":"earn","line":80,"loc":{"start":{"line":80,"column":4},"end":{"line":86,"column":4}}},"7":{"name":"harvest","line":92,"loc":{"start":{"line":92,"column":4},"end":{"line":96,"column":4}}},"8":{"name":"depositAll","line":101,"loc":{"start":{"line":101,"column":4},"end":{"line":103,"column":4}}},"9":{"name":"deposit","line":108,"loc":{"start":{"line":108,"column":4},"end":{"line":124,"column":4}}},"10":{"name":"withdrawAll","line":129,"loc":{"start":{"line":129,"column":4},"end":{"line":131,"column":4}}},"11":{"name":"withdraw","line":136,"loc":{"start":{"line":136,"column":4},"end":{"line":157,"column":4}}},"12":{"name":"salvage","line":164,"loc":{"start":{"line":164,"column":4},"end":{"line":169,"column":4}}},"13":{"name":"getPricePerFullShare","line":174,"loc":{"start":{"line":174,"column":4},"end":{"line":177,"column":4}}}},"statementMap":{"1":{"start":{"line":29,"column":8},"end":{"line":29,"column":29}},"2":{"start":{"line":30,"column":8},"end":{"line":30,"column":30}},"3":{"start":{"line":31,"column":8},"end":{"line":31,"column":30}},"4":{"start":{"line":38,"column":8},"end":{"line":38,"column":1335}},"5":{"start":{"line":46,"column":8},"end":{"line":46,"column":58}},"6":{"start":{"line":47,"column":8},"end":{"line":47,"column":31}},"7":{"start":{"line":54,"column":8},"end":{"line":54,"column":58}},"8":{"start":{"line":55,"column":8},"end":{"line":55,"column":31}},"9":{"start":{"line":62,"column":8},"end":{"line":62,"column":58}},"10":{"start":{"line":64,"column":8},"end":{"line":64,"column":80}},"11":{"start":{"line":67,"column":8},"end":{"line":67,"column":2289}},"12":{"start":{"line":68,"column":12},"end":{"line":68,"column":44}},"13":{"start":{"line":71,"column":8},"end":{"line":71,"column":27}},"14":{"start":{"line":73,"column":8},"end":{"line":73,"column":13}},"15":{"start":{"line":81,"column":8},"end":{"line":81,"column":2669}},"16":{"start":{"line":82,"column":12},"end":{"line":82,"column":57}},"17":{"start":{"line":83,"column":12},"end":{"line":83,"column":45}},"18":{"start":{"line":84,"column":12},"end":{"line":84,"column":40}},"19":{"start":{"line":93,"column":8},"end":{"line":93,"column":86}},"20":{"start":{"line":94,"column":8},"end":{"line":94,"column":55}},"21":{"start":{"line":95,"column":8},"end":{"line":95,"column":36}},"22":{"start":{"line":102,"column":8},"end":{"line":102,"column":43}},"23":{"start":{"line":109,"column":8},"end":{"line":109,"column":42}},"24":{"start":{"line":110,"column":8},"end":{"line":110,"column":33}},"25":{"start":{"line":111,"column":8},"end":{"line":111,"column":56}},"26":{"start":{"line":112,"column":8},"end":{"line":112,"column":65}},"27":{"start":{"line":113,"column":8},"end":{"line":113,"column":55}},"28":{"start":{"line":114,"column":8},"end":{"line":114,"column":36}},"29":{"start":{"line":115,"column":8},"end":{"line":115,"column":26}},"30":{"start":{"line":116,"column":8},"end":{"line":116,"column":3888}},"31":{"start":{"line":117,"column":12},"end":{"line":117,"column":27}},"32":{"start":{"line":119,"column":12},"end":{"line":119,"column":59}},"33":{"start":{"line":121,"column":8},"end":{"line":121,"column":32}},"34":{"start":{"line":123,"column":8},"end":{"line":123,"column":67}},"35":{"start":{"line":130,"column":8},"end":{"line":130,"column":38}},"36":{"start":{"line":137,"column":8},"end":{"line":137,"column":42}},"37":{"start":{"line":138,"column":8},"end":{"line":138,"column":63}},"38":{"start":{"line":139,"column":8},"end":{"line":139,"column":33}},"39":{"start":{"line":142,"column":8},"end":{"line":142,"column":50}},"40":{"start":{"line":143,"column":8},"end":{"line":143,"column":4662}},"41":{"start":{"line":144,"column":12},"end":{"line":144,"column":40}},"42":{"start":{"line":146,"column":12},"end":{"line":146,"column":59}},"43":{"start":{"line":147,"column":12},"end":{"line":147,"column":50}},"44":{"start":{"line":148,"column":12},"end":{"line":148,"column":59}},"45":{"start":{"line":149,"column":12},"end":{"line":149,"column":41}},"46":{"start":{"line":150,"column":12},"end":{"line":150,"column":5026}},"47":{"start":{"line":151,"column":16},"end":{"line":151,"column":31}},"48":{"start":{"line":155,"column":8},"end":{"line":155,"column":40}},"49":{"start":{"line":156,"column":8},"end":{"line":156,"column":62}},"50":{"start":{"line":165,"column":8},"end":{"line":165,"column":86}},"51":{"start":{"line":166,"column":8},"end":{"line":166,"column":65}},"52":{"start":{"line":167,"column":8},"end":{"line":167,"column":42}},"53":{"start":{"line":168,"column":8},"end":{"line":168,"column":62}},"54":{"start":{"line":175,"column":8},"end":{"line":175,"column":40}},"55":{"start":{"line":175,"column":32},"end":{"line":175,"column":40}},"56":{"start":{"line":176,"column":8},"end":{"line":176,"column":53}}},"branchMap":{"1":{"line":46,"type":"if","locations":[{"start":{"line":46,"column":8},"end":{"line":46,"column":8}},{"start":{"line":46,"column":8},"end":{"line":46,"column":8}}]},"2":{"line":54,"type":"if","locations":[{"start":{"line":54,"column":8},"end":{"line":54,"column":8}},{"start":{"line":54,"column":8},"end":{"line":54,"column":8}}]},"3":{"line":62,"type":"if","locations":[{"start":{"line":62,"column":8},"end":{"line":62,"column":8}},{"start":{"line":62,"column":8},"end":{"line":62,"column":8}}]},"4":{"line":64,"type":"if","locations":[{"start":{"line":64,"column":8},"end":{"line":64,"column":8}},{"start":{"line":64,"column":8},"end":{"line":64,"column":8}}]},"5":{"line":67,"type":"if","locations":[{"start":{"line":67,"column":8},"end":{"line":67,"column":8}},{"start":{"line":67,"column":8},"end":{"line":67,"column":8}}]},"6":{"line":81,"type":"if","locations":[{"start":{"line":81,"column":8},"end":{"line":81,"column":8}},{"start":{"line":81,"column":8},"end":{"line":81,"column":8}}]},"7":{"line":93,"type":"if","locations":[{"start":{"line":93,"column":8},"end":{"line":93,"column":8}},{"start":{"line":93,"column":8},"end":{"line":93,"column":8}}]},"8":{"line":94,"type":"if","locations":[{"start":{"line":94,"column":8},"end":{"line":94,"column":8}},{"start":{"line":94,"column":8},"end":{"line":94,"column":8}}]},"9":{"line":109,"type":"if","locations":[{"start":{"line":109,"column":8},"end":{"line":109,"column":8}},{"start":{"line":109,"column":8},"end":{"line":109,"column":8}}]},"10":{"line":116,"type":"if","locations":[{"start":{"line":116,"column":8},"end":{"line":116,"column":8}},{"start":{"line":116,"column":8},"end":{"line":116,"column":8}}]},"11":{"line":137,"type":"if","locations":[{"start":{"line":137,"column":8},"end":{"line":137,"column":8}},{"start":{"line":137,"column":8},"end":{"line":137,"column":8}}]},"12":{"line":143,"type":"if","locations":[{"start":{"line":143,"column":8},"end":{"line":143,"column":8}},{"start":{"line":143,"column":8},"end":{"line":143,"column":8}}]},"13":{"line":146,"type":"if","locations":[{"start":{"line":146,"column":12},"end":{"line":146,"column":12}},{"start":{"line":146,"column":12},"end":{"line":146,"column":12}}]},"14":{"line":150,"type":"if","locations":[{"start":{"line":150,"column":12},"end":{"line":150,"column":12}},{"start":{"line":150,"column":12},"end":{"line":150,"column":12}}]},"15":{"line":165,"type":"if","locations":[{"start":{"line":165,"column":8},"end":{"line":165,"column":8}},{"start":{"line":165,"column":8},"end":{"line":165,"column":8}}]},"16":{"line":166,"type":"if","locations":[{"start":{"line":166,"column":8},"end":{"line":166,"column":8}},{"start":{"line":166,"column":8},"end":{"line":166,"column":8}}]},"17":{"line":167,"type":"if","locations":[{"start":{"line":167,"column":8},"end":{"line":167,"column":8}},{"start":{"line":167,"column":8},"end":{"line":167,"column":8}}]},"18":{"line":175,"type":"if","locations":[{"start":{"line":175,"column":8},"end":{"line":175,"column":8}},{"start":{"line":175,"column":8},"end":{"line":175,"column":8}}]}}},"contracts/mock/MockController.sol":{"l":{"10":0,"14":0},"path":"/Users/shengdading/git/acBTC/contracts/mock/MockController.sol","s":{"1":0,"2":0},"b":{},"f":{"1":0,"2":0},"fnMap":{"1":{"name":"constructor","line":9,"loc":{"start":{"line":9,"column":4},"end":{"line":11,"column":4}}},"2":{"name":"notifyReward","line":13,"loc":{"start":{"line":13,"column":4},"end":{"line":15,"column":4}}}},"statementMap":{"1":{"start":{"line":10,"column":8},"end":{"line":10,"column":33}},"2":{"start":{"line":14,"column":8},"end":{"line":14,"column":60}}},"branchMap":{}},"contracts/mock/MockMigrator.sol":{"l":{"18":0,"19":0,"20":0,"24":0,"25":0,"27":0,"28":0},"path":"/Users/shengdading/git/acBTC/contracts/mock/MockMigrator.sol","s":{"1":0,"2":0,"3":0,"4":0,"5":0,"6":0,"7":0},"b":{},"f":{"1":0,"2":0},"fnMap":{"1":{"name":"constructor","line":17,"loc":{"start":{"line":17,"column":4},"end":{"line":21,"column":4}}},"2":{"name":"migrate","line":23,"loc":{"start":{"line":23,"column":4},"end":{"line":29,"column":4}}}},"statementMap":{"1":{"start":{"line":18,"column":8},"end":{"line":18,"column":19}},"2":{"start":{"line":19,"column":8},"end":{"line":19,"column":17}},"3":{"start":{"line":20,"column":8},"end":{"line":20,"column":21}},"4":{"start":{"line":24,"column":8},"end":{"line":24,"column":63}},"5":{"start":{"line":25,"column":8},"end":{"line":25,"column":48}},"6":{"start":{"line":27,"column":8},"end":{"line":27,"column":51}},"7":{"start":{"line":28,"column":8},"end":{"line":28,"column":45}}},"branchMap":{}},"contracts/mock/MockRenBTC.sol":{"l":{},"path":"/Users/shengdading/git/acBTC/contracts/mock/MockRenBTC.sol","s":{},"b":{},"f":{"1":15},"fnMap":{"1":{"name":"constructor","line":11,"loc":{"start":{"line":11,"column":4},"end":{"line":11,"column":69}}}},"statementMap":{},"branchMap":{}},"contracts/mock/MockRenCrv.sol":{"l":{},"path":"/Users/shengdading/git/acBTC/contracts/mock/MockRenCrv.sol","s":{},"b":{},"f":{"1":3},"fnMap":{"1":{"name":"constructor","line":11,"loc":{"start":{"line":11,"column":4},"end":{"line":11,"column":70}}}},"statementMap":{},"branchMap":{}},"contracts/mock/MockStrategy.sol":{"l":{"16":0,"17":0,"24":0,"31":0,"45":0,"52":0,"60":0},"path":"/Users/shengdading/git/acBTC/contracts/mock/MockStrategy.sol","s":{"1":0,"2":0,"3":0,"4":0,"5":0,"6":0,"7":0},"b":{},"f":{"1":0,"2":0,"3":0,"4":0,"5":0,"6":0,"7":0},"fnMap":{"1":{"name":"constructor","line":15,"loc":{"start":{"line":15,"column":4},"end":{"line":18,"column":4}}},"2":{"name":"want","line":23,"loc":{"start":{"line":23,"column":4},"end":{"line":25,"column":4}}},"3":{"name":"balanceOf","line":30,"loc":{"start":{"line":30,"column":4},"end":{"line":32,"column":4}}},"4":{"name":"deposit","line":37,"loc":{"start":{"line":37,"column":4},"end":{"line":39,"column":4}}},"5":{"name":"withdraw","line":44,"loc":{"start":{"line":44,"column":4},"end":{"line":46,"column":4}}},"6":{"name":"withdrawAll","line":51,"loc":{"start":{"line":51,"column":4},"end":{"line":53,"column":4}}},"7":{"name":"harvest","line":58,"loc":{"start":{"line":58,"column":4},"end":{"line":61,"column":4}}}},"statementMap":{"1":{"start":{"line":16,"column":8},"end":{"line":16,"column":32}},"2":{"start":{"line":17,"column":8},"end":{"line":17,"column":21}},"3":{"start":{"line":24,"column":8},"end":{"line":24,"column":29}},"4":{"start":{"line":31,"column":8},"end":{"line":31,"column":45}},"5":{"start":{"line":45,"column":8},"end":{"line":45,"column":37}},"6":{"start":{"line":52,"column":8},"end":{"line":52,"column":28}},"7":{"start":{"line":60,"column":8},"end":{"line":60,"column":56}}},"branchMap":{}},"contracts/mock/MockToken.sol":{"l":{"12":33,"16":26,"20":0},"path":"/Users/shengdading/git/acBTC/contracts/mock/MockToken.sol","s":{"1":33,"2":26,"3":0},"b":{},"f":{"1":33,"2":26,"3":0},"fnMap":{"1":{"name":"constructor","line":11,"loc":{"start":{"line":11,"column":4},"end":{"line":13,"column":4}}},"2":{"name":"mint","line":15,"loc":{"start":{"line":15,"column":4},"end":{"line":17,"column":4}}},"3":{"name":"burn","line":19,"loc":{"start":{"line":19,"column":4},"end":{"line":21,"column":4}}}},"statementMap":{"1":{"start":{"line":12,"column":8},"end":{"line":12,"column":31}},"2":{"start":{"line":16,"column":8},"end":{"line":16,"column":29}},"3":{"start":{"line":20,"column":8},"end":{"line":20,"column":29}}},"branchMap":{}},"contracts/mock/MockWBTC.sol":{"l":{},"path":"/Users/shengdading/git/acBTC/contracts/mock/MockWBTC.sol","s":{},"b":{},"f":{"1":15},"fnMap":{"1":{"name":"constructor","line":11,"loc":{"start":{"line":11,"column":4},"end":{"line":11,"column":71}}}},"statementMap":{},"branchMap":{}},"contracts/Timelock.sol":{"l":{"38":0,"39":0,"41":0,"42":0,"48":0,"49":0,"50":0,"51":0,"53":0,"57":0,"58":0,"59":0,"61":0,"65":0,"66":0,"68":0,"72":0,"73":0,"75":0,"76":0,"78":0,"79":0,"83":0,"85":0,"86":0,"88":0,"92":0,"94":0,"95":0,"96":0,"97":0,"99":0,"101":0,"103":0,"104":0,"106":0,"110":0,"111":0,"113":0,"115":0,"120":0},"path":"/Users/shengdading/git/acBTC/contracts/Timelock.sol","s":{"1":0,"2":0,"3":0,"4":0,"5":0,"6":0,"7":0,"8":0,"9":0,"10":0,"11":0,"12":0,"13":0,"14":0,"15":0,"16":0,"17":0,"18":0,"19":0,"20":0,"21":0,"22":0,"23":0,"24":0,"25":0,"26":0,"27":0,"28":0,"29":0,"30":0,"31":0,"32":0,"33":0,"34":0,"35":0,"36":0,"37":0,"38":0,"39":0,"40":0,"41":0},"b":{"1":[0,0],"2":[0,0],"3":[0,0],"4":[0,0],"5":[0,0],"6":[0,0],"7":[0,0],"8":[0,0],"9":[0,0],"10":[0,0],"11":[0,0],"12":[0,0],"13":[0,0],"14":[0,0],"15":[0,0],"16":[0,0]},"f":{"1":0,"2":0,"3":0,"4":0,"5":0,"6":0,"7":0,"8":0},"fnMap":{"1":{"name":"constructor","line":37,"loc":{"start":{"line":37,"column":4},"end":{"line":43,"column":4}}},"2":{"name":"setDelay","line":47,"loc":{"start":{"line":47,"column":4},"end":{"line":54,"column":4}}},"3":{"name":"acceptAdmin","line":56,"loc":{"start":{"line":56,"column":4},"end":{"line":62,"column":4}}},"4":{"name":"setPendingAdmin","line":64,"loc":{"start":{"line":64,"column":4},"end":{"line":69,"column":4}}},"5":{"name":"queueTransaction","line":71,"loc":{"start":{"line":71,"column":4},"end":{"line":80,"column":4}}},"6":{"name":"cancelTransaction","line":82,"loc":{"start":{"line":82,"column":4},"end":{"line":89,"column":4}}},"7":{"name":"executeTransaction","line":91,"loc":{"start":{"line":91,"column":4},"end":{"line":116,"column":4}}},"8":{"name":"getBlockTimestamp","line":118,"loc":{"start":{"line":118,"column":4},"end":{"line":121,"column":4}}}},"statementMap":{"1":{"start":{"line":38,"column":8},"end":{"line":38,"column":98}},"2":{"start":{"line":39,"column":8},"end":{"line":39,"column":99}},"3":{"start":{"line":41,"column":8},"end":{"line":41,"column":21}},"4":{"start":{"line":42,"column":8},"end":{"line":42,"column":21}},"5":{"start":{"line":48,"column":8},"end":{"line":48,"column":96}},"6":{"start":{"line":49,"column":8},"end":{"line":49,"column":95}},"7":{"start":{"line":50,"column":8},"end":{"line":50,"column":99}},"8":{"start":{"line":51,"column":8},"end":{"line":51,"column":21}},"9":{"start":{"line":53,"column":8},"end":{"line":53,"column":28}},"10":{"start":{"line":57,"column":8},"end":{"line":57,"column":102}},"11":{"start":{"line":58,"column":8},"end":{"line":58,"column":25}},"12":{"start":{"line":59,"column":8},"end":{"line":59,"column":32}},"13":{"start":{"line":61,"column":8},"end":{"line":61,"column":28}},"14":{"start":{"line":65,"column":8},"end":{"line":65,"column":103}},"15":{"start":{"line":66,"column":8},"end":{"line":66,"column":35}},"16":{"start":{"line":68,"column":8},"end":{"line":68,"column":42}},"17":{"start":{"line":72,"column":8},"end":{"line":72,"column":93}},"18":{"start":{"line":73,"column":8},"end":{"line":73,"column":130}},"19":{"start":{"line":75,"column":8},"end":{"line":75,"column":83}},"20":{"start":{"line":76,"column":8},"end":{"line":76,"column":40}},"21":{"start":{"line":78,"column":8},"end":{"line":78,"column":74}},"22":{"start":{"line":79,"column":8},"end":{"line":79,"column":21}},"23":{"start":{"line":83,"column":8},"end":{"line":83,"column":94}},"24":{"start":{"line":85,"column":8},"end":{"line":85,"column":83}},"25":{"start":{"line":86,"column":8},"end":{"line":86,"column":41}},"26":{"start":{"line":88,"column":8},"end":{"line":88,"column":75}},"27":{"start":{"line":92,"column":8},"end":{"line":92,"column":95}},"28":{"start":{"line":94,"column":8},"end":{"line":94,"column":83}},"29":{"start":{"line":95,"column":8},"end":{"line":95,"column":107}},"30":{"start":{"line":96,"column":8},"end":{"line":96,"column":115}},"31":{"start":{"line":97,"column":8},"end":{"line":97,"column":115}},"32":{"start":{"line":99,"column":8},"end":{"line":99,"column":41}},"33":{"start":{"line":101,"column":8},"end":{"line":101,"column":29}},"34":{"start":{"line":103,"column":8},"end":{"line":103,"column":5768}},"35":{"start":{"line":104,"column":12},"end":{"line":104,"column":26}},"36":{"start":{"line":106,"column":12},"end":{"line":106,"column":81}},"37":{"start":{"line":110,"column":8},"end":{"line":110,"column":85}},"38":{"start":{"line":111,"column":8},"end":{"line":111,"column":88}},"39":{"start":{"line":113,"column":8},"end":{"line":113,"column":76}},"40":{"start":{"line":115,"column":8},"end":{"line":115,"column":25}},"41":{"start":{"line":120,"column":8},"end":{"line":120,"column":30}}},"branchMap":{"1":{"line":38,"type":"if","locations":[{"start":{"line":38,"column":8},"end":{"line":38,"column":8}},{"start":{"line":38,"column":8},"end":{"line":38,"column":8}}]},"2":{"line":39,"type":"if","locations":[{"start":{"line":39,"column":8},"end":{"line":39,"column":8}},{"start":{"line":39,"column":8},"end":{"line":39,"column":8}}]},"3":{"line":48,"type":"if","locations":[{"start":{"line":48,"column":8},"end":{"line":48,"column":8}},{"start":{"line":48,"column":8},"end":{"line":48,"column":8}}]},"4":{"line":49,"type":"if","locations":[{"start":{"line":49,"column":8},"end":{"line":49,"column":8}},{"start":{"line":49,"column":8},"end":{"line":49,"column":8}}]},"5":{"line":50,"type":"if","locations":[{"start":{"line":50,"column":8},"end":{"line":50,"column":8}},{"start":{"line":50,"column":8},"end":{"line":50,"column":8}}]},"6":{"line":57,"type":"if","locations":[{"start":{"line":57,"column":8},"end":{"line":57,"column":8}},{"start":{"line":57,"column":8},"end":{"line":57,"column":8}}]},"7":{"line":65,"type":"if","locations":[{"start":{"line":65,"column":8},"end":{"line":65,"column":8}},{"start":{"line":65,"column":8},"end":{"line":65,"column":8}}]},"8":{"line":72,"type":"if","locations":[{"start":{"line":72,"column":8},"end":{"line":72,"column":8}},{"start":{"line":72,"column":8},"end":{"line":72,"column":8}}]},"9":{"line":73,"type":"if","locations":[{"start":{"line":73,"column":8},"end":{"line":73,"column":8}},{"start":{"line":73,"column":8},"end":{"line":73,"column":8}}]},"10":{"line":83,"type":"if","locations":[{"start":{"line":83,"column":8},"end":{"line":83,"column":8}},{"start":{"line":83,"column":8},"end":{"line":83,"column":8}}]},"11":{"line":92,"type":"if","locations":[{"start":{"line":92,"column":8},"end":{"line":92,"column":8}},{"start":{"line":92,"column":8},"end":{"line":92,"column":8}}]},"12":{"line":95,"type":"if","locations":[{"start":{"line":95,"column":8},"end":{"line":95,"column":8}},{"start":{"line":95,"column":8},"end":{"line":95,"column":8}}]},"13":{"line":96,"type":"if","locations":[{"start":{"line":96,"column":8},"end":{"line":96,"column":8}},{"start":{"line":96,"column":8},"end":{"line":96,"column":8}}]},"14":{"line":97,"type":"if","locations":[{"start":{"line":97,"column":8},"end":{"line":97,"column":8}},{"start":{"line":97,"column":8},"end":{"line":97,"column":8}}]},"15":{"line":103,"type":"if","locations":[{"start":{"line":103,"column":8},"end":{"line":103,"column":8}},{"start":{"line":103,"column":8},"end":{"line":103,"column":8}}]},"16":{"line":111,"type":"if","locations":[{"start":{"line":111,"column":8},"end":{"line":111,"column":8}},{"start":{"line":111,"column":8},"end":{"line":111,"column":8}}]}}}}