{"contracts/AcBTC.sol":{"l":{},"path":"/Users/shengdading/git/acBTC/contracts/AcBTC.sol","s":{},"b":{},"f":{"1":3},"fnMap":{"1":{"name":"constructor","line":10,"loc":{"start":{"line":10,"column":4},"end":{"line":10,"column":107}}}},"statementMap":{},"branchMap":{}},"contracts/BasketCore.sol":{"l":{"49":29,"50":23,"58":33,"59":33,"60":33,"61":33,"62":33,"63":33,"64":33,"77":15,"78":15,"79":15,"81":15,"82":15,"84":15,"85":15,"88":5,"89":5,"92":15,"93":15,"95":15,"108":7,"109":7,"110":7,"112":7,"113":7,"115":7,"117":7,"118":7,"121":1,"122":1,"124":7,"126":7,"127":7,"129":7,"143":1,"144":1,"145":1,"146":1,"148":1,"149":1,"151":1,"152":1,"154":1,"155":1,"158":1,"159":1,"161":1,"162":1,"164":1,"171":1,"172":1,"179":2,"186":1,"187":1,"194":2,"201":1,"202":1,"209":6,"216":16,"223":23,"224":23,"225":23,"226":23},"path":"/Users/shengdading/git/acBTC/contracts/BasketCore.sol","s":{"1":29,"2":33,"3":33,"4":33,"5":33,"6":33,"7":33,"8":33,"9":15,"10":15,"11":15,"12":15,"13":15,"14":15,"15":15,"16":5,"17":5,"18":15,"19":15,"20":15,"21":7,"22":7,"23":7,"24":7,"25":7,"26":7,"27":7,"28":7,"29":1,"30":1,"31":7,"32":7,"33":7,"34":7,"35":1,"36":1,"37":1,"38":1,"39":1,"40":1,"41":1,"42":1,"43":1,"44":1,"45":1,"46":1,"47":1,"48":1,"49":1,"50":1,"51":1,"52":2,"53":1,"54":1,"55":2,"56":1,"57":1,"58":6,"59":16,"60":23,"61":23,"62":23,"63":23},"b":{"1":[23,6],"2":[33,0],"3":[33,0],"4":[33,0],"5":[15,0],"6":[15,0],"7":[15,0],"8":[5,10],"9":[7,0],"10":[7,0],"11":[7,0],"12":[7,0],"13":[1,6],"14":[1,0],"15":[1,0],"16":[1,0],"17":[1,0],"18":[1,0],"19":[1,0],"20":[1,0],"21":[1,0],"22":[1,0],"23":[23,0]},"f":{"1":29,"2":33,"3":15,"4":7,"5":1,"6":1,"7":2,"8":1,"9":2,"10":1,"11":6,"12":16,"13":23},"fnMap":{"1":{"name":"onlyBasketManager","line":48,"loc":{"start":{"line":48,"column":4},"end":{"line":51,"column":4}}},"2":{"name":"initialize","line":57,"loc":{"start":{"line":57,"column":4},"end":{"line":65,"column":4}}},"3":{"name":"mint","line":76,"loc":{"start":{"line":76,"column":4},"end":{"line":96,"column":4}}},"4":{"name":"redeem","line":107,"loc":{"start":{"line":107,"column":4},"end":{"line":130,"column":4}}},"5":{"name":"swap","line":142,"loc":{"start":{"line":142,"column":4},"end":{"line":165,"column":4}}},"6":{"name":"setBasketManager","line":170,"loc":{"start":{"line":170,"column":4},"end":{"line":173,"column":4}}},"7":{"name":"getBasketManager","line":178,"loc":{"start":{"line":178,"column":4},"end":{"line":180,"column":4}}},"8":{"name":"setFeeReceiver","line":185,"loc":{"start":{"line":185,"column":4},"end":{"line":188,"column":4}}},"9":{"name":"getFeeReceiver","line":193,"loc":{"start":{"line":193,"column":4},"end":{"line":195,"column":4}}},"10":{"name":"setBasketToken","line":200,"loc":{"start":{"line":200,"column":4},"end":{"line":203,"column":4}}},"11":{"name":"getBasketToken","line":208,"loc":{"start":{"line":208,"column":4},"end":{"line":210,"column":4}}},"12":{"name":"getTokenBalance","line":215,"loc":{"start":{"line":215,"column":4},"end":{"line":217,"column":4}}},"13":{"name":"_safeTransferIn","line":222,"loc":{"start":{"line":222,"column":4},"end":{"line":227,"column":4}}}},"statementMap":{"1":{"start":{"line":49,"column":8},"end":{"line":49,"column":108}},"2":{"start":{"line":58,"column":8},"end":{"line":58,"column":90}},"3":{"start":{"line":59,"column":8},"end":{"line":59,"column":86}},"4":{"start":{"line":60,"column":8},"end":{"line":60,"column":86}},"5":{"start":{"line":61,"column":8},"end":{"line":61,"column":28}},"6":{"start":{"line":62,"column":8},"end":{"line":62,"column":51}},"7":{"start":{"line":63,"column":8},"end":{"line":63,"column":47}},"8":{"start":{"line":64,"column":8},"end":{"line":64,"column":47}},"9":{"start":{"line":77,"column":8},"end":{"line":77,"column":86}},"10":{"start":{"line":78,"column":8},"end":{"line":78,"column":84}},"11":{"start":{"line":79,"column":8},"end":{"line":79,"column":59}},"12":{"start":{"line":81,"column":8},"end":{"line":81,"column":59}},"13":{"start":{"line":82,"column":8},"end":{"line":82,"column":78}},"14":{"start":{"line":84,"column":8},"end":{"line":84,"column":50}},"15":{"start":{"line":85,"column":8},"end":{"line":85,"column":3783}},"16":{"start":{"line":88,"column":12},"end":{"line":88,"column":80}},"17":{"start":{"line":89,"column":12},"end":{"line":89,"column":90}},"18":{"start":{"line":92,"column":8},"end":{"line":92,"column":71}},"19":{"start":{"line":93,"column":8},"end":{"line":93,"column":68}},"20":{"start":{"line":95,"column":8},"end":{"line":95,"column":25}},"21":{"start":{"line":108,"column":8},"end":{"line":108,"column":86}},"22":{"start":{"line":109,"column":8},"end":{"line":109,"column":84}},"23":{"start":{"line":110,"column":8},"end":{"line":110,"column":59}},"24":{"start":{"line":112,"column":8},"end":{"line":112,"column":56}},"25":{"start":{"line":113,"column":8},"end":{"line":113,"column":106}},"26":{"start":{"line":115,"column":8},"end":{"line":115,"column":88}},"27":{"start":{"line":117,"column":8},"end":{"line":117,"column":66}},"28":{"start":{"line":118,"column":8},"end":{"line":118,"column":5662}},"29":{"start":{"line":121,"column":12},"end":{"line":121,"column":84}},"30":{"start":{"line":122,"column":12},"end":{"line":122,"column":90}},"31":{"start":{"line":124,"column":8},"end":{"line":124,"column":73}},"32":{"start":{"line":126,"column":8},"end":{"line":126,"column":77}},"33":{"start":{"line":127,"column":8},"end":{"line":127,"column":76}},"34":{"start":{"line":129,"column":8},"end":{"line":129,"column":31}},"35":{"start":{"line":143,"column":8},"end":{"line":143,"column":86}},"36":{"start":{"line":144,"column":8},"end":{"line":144,"column":80}},"37":{"start":{"line":145,"column":8},"end":{"line":145,"column":82}},"38":{"start":{"line":146,"column":8},"end":{"line":146,"column":59}},"39":{"start":{"line":148,"column":8},"end":{"line":148,"column":52}},"40":{"start":{"line":149,"column":8},"end":{"line":149,"column":102}},"41":{"start":{"line":151,"column":8},"end":{"line":151,"column":74}},"42":{"start":{"line":152,"column":8},"end":{"line":152,"column":82}},"43":{"start":{"line":154,"column":8},"end":{"line":154,"column":57}},"44":{"start":{"line":155,"column":8},"end":{"line":155,"column":7837}},"45":{"start":{"line":158,"column":12},"end":{"line":158,"column":80}},"46":{"start":{"line":159,"column":12},"end":{"line":159,"column":90}},"47":{"start":{"line":161,"column":8},"end":{"line":161,"column":68}},"48":{"start":{"line":162,"column":8},"end":{"line":162,"column":82}},"49":{"start":{"line":164,"column":8},"end":{"line":164,"column":27}},"50":{"start":{"line":171,"column":8},"end":{"line":171,"column":90}},"51":{"start":{"line":172,"column":8},"end":{"line":172,"column":51}},"52":{"start":{"line":179,"column":8},"end":{"line":179,"column":36}},"53":{"start":{"line":186,"column":8},"end":{"line":186,"column":86}},"54":{"start":{"line":187,"column":8},"end":{"line":187,"column":47}},"55":{"start":{"line":194,"column":8},"end":{"line":194,"column":34}},"56":{"start":{"line":201,"column":8},"end":{"line":201,"column":86}},"57":{"start":{"line":202,"column":8},"end":{"line":202,"column":47}},"58":{"start":{"line":209,"column":8},"end":{"line":209,"column":34}},"59":{"start":{"line":216,"column":8},"end":{"line":216,"column":43}},"60":{"start":{"line":223,"column":8},"end":{"line":223,"column":75}},"61":{"start":{"line":224,"column":8},"end":{"line":224,"column":82}},"62":{"start":{"line":225,"column":8},"end":{"line":225,"column":75}},"63":{"start":{"line":226,"column":8},"end":{"line":226,"column":95}}},"branchMap":{"1":{"line":49,"type":"if","locations":[{"start":{"line":49,"column":8},"end":{"line":49,"column":8}},{"start":{"line":49,"column":8},"end":{"line":49,"column":8}}]},"2":{"line":58,"type":"if","locations":[{"start":{"line":58,"column":8},"end":{"line":58,"column":8}},{"start":{"line":58,"column":8},"end":{"line":58,"column":8}}]},"3":{"line":59,"type":"if","locations":[{"start":{"line":59,"column":8},"end":{"line":59,"column":8}},{"start":{"line":59,"column":8},"end":{"line":59,"column":8}}]},"4":{"line":60,"type":"if","locations":[{"start":{"line":60,"column":8},"end":{"line":60,"column":8}},{"start":{"line":60,"column":8},"end":{"line":60,"column":8}}]},"5":{"line":77,"type":"if","locations":[{"start":{"line":77,"column":8},"end":{"line":77,"column":8}},{"start":{"line":77,"column":8},"end":{"line":77,"column":8}}]},"6":{"line":78,"type":"if","locations":[{"start":{"line":78,"column":8},"end":{"line":78,"column":8}},{"start":{"line":78,"column":8},"end":{"line":78,"column":8}}]},"7":{"line":79,"type":"if","locations":[{"start":{"line":79,"column":8},"end":{"line":79,"column":8}},{"start":{"line":79,"column":8},"end":{"line":79,"column":8}}]},"8":{"line":85,"type":"if","locations":[{"start":{"line":85,"column":8},"end":{"line":85,"column":8}},{"start":{"line":85,"column":8},"end":{"line":85,"column":8}}]},"9":{"line":108,"type":"if","locations":[{"start":{"line":108,"column":8},"end":{"line":108,"column":8}},{"start":{"line":108,"column":8},"end":{"line":108,"column":8}}]},"10":{"line":109,"type":"if","locations":[{"start":{"line":109,"column":8},"end":{"line":109,"column":8}},{"start":{"line":109,"column":8},"end":{"line":109,"column":8}}]},"11":{"line":110,"type":"if","locations":[{"start":{"line":110,"column":8},"end":{"line":110,"column":8}},{"start":{"line":110,"column":8},"end":{"line":110,"column":8}}]},"12":{"line":113,"type":"if","locations":[{"start":{"line":113,"column":8},"end":{"line":113,"column":8}},{"start":{"line":113,"column":8},"end":{"line":113,"column":8}}]},"13":{"line":118,"type":"if","locations":[{"start":{"line":118,"column":8},"end":{"line":118,"column":8}},{"start":{"line":118,"column":8},"end":{"line":118,"column":8}}]},"14":{"line":143,"type":"if","locations":[{"start":{"line":143,"column":8},"end":{"line":143,"column":8}},{"start":{"line":143,"column":8},"end":{"line":143,"column":8}}]},"15":{"line":144,"type":"if","locations":[{"start":{"line":144,"column":8},"end":{"line":144,"column":8}},{"start":{"line":144,"column":8},"end":{"line":144,"column":8}}]},"16":{"line":145,"type":"if","locations":[{"start":{"line":145,"column":8},"end":{"line":145,"column":8}},{"start":{"line":145,"column":8},"end":{"line":145,"column":8}}]},"17":{"line":146,"type":"if","locations":[{"start":{"line":146,"column":8},"end":{"line":146,"column":8}},{"start":{"line":146,"column":8},"end":{"line":146,"column":8}}]},"18":{"line":149,"type":"if","locations":[{"start":{"line":149,"column":8},"end":{"line":149,"column":8}},{"start":{"line":149,"column":8},"end":{"line":149,"column":8}}]},"19":{"line":155,"type":"if","locations":[{"start":{"line":155,"column":8},"end":{"line":155,"column":8}},{"start":{"line":155,"column":8},"end":{"line":155,"column":8}}]},"20":{"line":171,"type":"if","locations":[{"start":{"line":171,"column":8},"end":{"line":171,"column":8}},{"start":{"line":171,"column":8},"end":{"line":171,"column":8}}]},"21":{"line":186,"type":"if","locations":[{"start":{"line":186,"column":8},"end":{"line":186,"column":8}},{"start":{"line":186,"column":8},"end":{"line":186,"column":8}}]},"22":{"line":201,"type":"if","locations":[{"start":{"line":201,"column":8},"end":{"line":201,"column":8}},{"start":{"line":201,"column":8},"end":{"line":201,"column":8}}]},"23":{"line":226,"type":"if","locations":[{"start":{"line":226,"column":8},"end":{"line":226,"column":8}},{"start":{"line":226,"column":8},"end":{"line":226,"column":8}}]}}},"contracts/BasketManager.sol":{"l":{"43":21,"45":21,"46":21,"50":21,"51":21,"58":21,"59":21,"60":21,"61":21,"68":10,"69":6,"76":1,"77":1,"84":8,"86":6,"93":1,"94":1,"101":2,"108":4,"115":4,"125":14,"126":14,"128":14,"129":10,"132":10,"133":10,"136":10,"139":10,"148":3,"149":3,"154":3,"155":3,"157":3,"158":3,"159":3,"160":6,"161":6,"162":6,"165":6,"175":1,"176":1,"181":1,"182":1,"184":1,"185":1,"186":1,"187":2,"188":2},"path":"/Users/shengdading/git/acBTC/contracts/BasketManager.sol","s":{"1":21,"2":21,"3":21,"4":21,"5":21,"6":21,"7":21,"8":21,"9":21,"10":10,"11":6,"12":1,"13":1,"14":8,"15":6,"16":1,"17":1,"18":2,"19":4,"20":4,"21":14,"22":14,"23":14,"24":10,"25":10,"26":10,"27":10,"28":10,"29":3,"30":3,"31":3,"32":3,"33":3,"34":3,"35":3,"36":6,"37":6,"38":6,"39":6,"40":1,"41":1,"42":1,"43":1,"44":1,"45":1,"46":1,"47":2,"48":2},"b":{"1":[21,0],"2":[21,0],"3":[6,4],"4":[1,0],"5":[6,2],"6":[1,0],"7":[14,0],"8":[10,4],"9":[10,0],"10":[3,0],"11":[3,0],"12":[0,6],"13":[1,0],"14":[1,0]},"f":{"1":21,"2":21,"3":21,"4":10,"5":1,"6":8,"7":1,"8":2,"9":4,"10":4,"11":14,"12":3,"13":1},"fnMap":{"1":{"name":"initialize","line":42,"loc":{"start":{"line":42,"column":4},"end":{"line":47,"column":4}}},"2":{"name":"_initialize","line":49,"loc":{"start":{"line":49,"column":4},"end":{"line":52,"column":4}}},"3":{"name":"addToken","line":57,"loc":{"start":{"line":57,"column":4},"end":{"line":62,"column":4}}},"4":{"name":"pauseToken","line":67,"loc":{"start":{"line":67,"column":4},"end":{"line":70,"column":4}}},"5":{"name":"unpauseToken","line":75,"loc":{"start":{"line":75,"column":4},"end":{"line":78,"column":4}}},"6":{"name":"terminateToken","line":83,"loc":{"start":{"line":83,"column":4},"end":{"line":87,"column":4}}},"7":{"name":"setBasketCore","line":92,"loc":{"start":{"line":92,"column":4},"end":{"line":95,"column":4}}},"8":{"name":"getBasketCore","line":100,"loc":{"start":{"line":100,"column":4},"end":{"line":102,"column":4}}},"9":{"name":"getTokens","line":107,"loc":{"start":{"line":107,"column":4},"end":{"line":109,"column":4}}},"10":{"name":"getTokenStatus","line":114,"loc":{"start":{"line":114,"column":4},"end":{"line":116,"column":4}}},"11":{"name":"mint","line":124,"loc":{"start":{"line":124,"column":4},"end":{"line":140,"column":4}}},"12":{"name":"redeem","line":147,"loc":{"start":{"line":147,"column":4},"end":{"line":167,"column":4}}},"13":{"name":"getRedemptionAmounts","line":174,"loc":{"start":{"line":174,"column":4},"end":{"line":190,"column":4}}}},"statementMap":{"1":{"start":{"line":43,"column":8},"end":{"line":43,"column":96}},"2":{"start":{"line":45,"column":8},"end":{"line":45,"column":20}},"3":{"start":{"line":46,"column":8},"end":{"line":46,"column":45}},"4":{"start":{"line":50,"column":8},"end":{"line":50,"column":28}},"5":{"start":{"line":51,"column":8},"end":{"line":51,"column":36}},"6":{"start":{"line":58,"column":8},"end":{"line":58,"column":105}},"7":{"start":{"line":59,"column":8},"end":{"line":59,"column":41}},"8":{"start":{"line":60,"column":8},"end":{"line":60,"column":56}},"9":{"start":{"line":61,"column":8},"end":{"line":61,"column":63}},"10":{"start":{"line":68,"column":8},"end":{"line":68,"column":105}},"11":{"start":{"line":69,"column":8},"end":{"line":69,"column":56}},"12":{"start":{"line":76,"column":8},"end":{"line":76,"column":105}},"13":{"start":{"line":77,"column":8},"end":{"line":77,"column":56}},"14":{"start":{"line":84,"column":8},"end":{"line":84,"column":2952}},"15":{"start":{"line":86,"column":8},"end":{"line":86,"column":60}},"16":{"start":{"line":93,"column":8},"end":{"line":93,"column":96}},"17":{"start":{"line":94,"column":8},"end":{"line":94,"column":45}},"18":{"start":{"line":101,"column":8},"end":{"line":101,"column":33}},"19":{"start":{"line":108,"column":8},"end":{"line":108,"column":30}},"20":{"start":{"line":115,"column":8},"end":{"line":115,"column":43}},"21":{"start":{"line":125,"column":8},"end":{"line":125,"column":95}},"22":{"start":{"line":126,"column":8},"end":{"line":126,"column":4521}},"23":{"start":{"line":128,"column":12},"end":{"line":128,"column":114}},"24":{"start":{"line":129,"column":12},"end":{"line":129,"column":72}},"25":{"start":{"line":132,"column":8},"end":{"line":132,"column":30}},"26":{"start":{"line":133,"column":8},"end":{"line":133,"column":4914}},"27":{"start":{"line":136,"column":12},"end":{"line":136,"column":121}},"28":{"start":{"line":139,"column":8},"end":{"line":139,"column":25}},"29":{"start":{"line":148,"column":8},"end":{"line":148,"column":67}},"30":{"start":{"line":149,"column":8},"end":{"line":149,"column":84}},"31":{"start":{"line":154,"column":8},"end":{"line":154,"column":71}},"32":{"start":{"line":155,"column":8},"end":{"line":155,"column":82}},"33":{"start":{"line":157,"column":8},"end":{"line":157,"column":39}},"34":{"start":{"line":158,"column":8},"end":{"line":158,"column":54}},"35":{"start":{"line":159,"column":8},"end":{"line":159,"column":6253}},"36":{"start":{"line":160,"column":12},"end":{"line":160,"column":101}},"37":{"start":{"line":161,"column":12},"end":{"line":161,"column":81}},"38":{"start":{"line":162,"column":12},"end":{"line":162,"column":48}},"39":{"start":{"line":165,"column":12},"end":{"line":165,"column":114}},"40":{"start":{"line":175,"column":8},"end":{"line":175,"column":67}},"41":{"start":{"line":176,"column":8},"end":{"line":176,"column":84}},"42":{"start":{"line":181,"column":8},"end":{"line":181,"column":71}},"43":{"start":{"line":182,"column":8},"end":{"line":182,"column":82}},"44":{"start":{"line":184,"column":8},"end":{"line":184,"column":39}},"45":{"start":{"line":185,"column":8},"end":{"line":185,"column":54}},"46":{"start":{"line":186,"column":8},"end":{"line":186,"column":7891}},"47":{"start":{"line":187,"column":12},"end":{"line":187,"column":101}},"48":{"start":{"line":188,"column":12},"end":{"line":188,"column":66}}},"branchMap":{"1":{"line":43,"type":"if","locations":[{"start":{"line":43,"column":8},"end":{"line":43,"column":8}},{"start":{"line":43,"column":8},"end":{"line":43,"column":8}}]},"2":{"line":58,"type":"if","locations":[{"start":{"line":58,"column":8},"end":{"line":58,"column":8}},{"start":{"line":58,"column":8},"end":{"line":58,"column":8}}]},"3":{"line":68,"type":"if","locations":[{"start":{"line":68,"column":8},"end":{"line":68,"column":8}},{"start":{"line":68,"column":8},"end":{"line":68,"column":8}}]},"4":{"line":76,"type":"if","locations":[{"start":{"line":76,"column":8},"end":{"line":76,"column":8}},{"start":{"line":76,"column":8},"end":{"line":76,"column":8}}]},"5":{"line":84,"type":"if","locations":[{"start":{"line":84,"column":8},"end":{"line":84,"column":8}},{"start":{"line":84,"column":8},"end":{"line":84,"column":8}}]},"6":{"line":93,"type":"if","locations":[{"start":{"line":93,"column":8},"end":{"line":93,"column":8}},{"start":{"line":93,"column":8},"end":{"line":93,"column":8}}]},"7":{"line":125,"type":"if","locations":[{"start":{"line":125,"column":8},"end":{"line":125,"column":8}},{"start":{"line":125,"column":8},"end":{"line":125,"column":8}}]},"8":{"line":128,"type":"if","locations":[{"start":{"line":128,"column":12},"end":{"line":128,"column":12}},{"start":{"line":128,"column":12},"end":{"line":128,"column":12}}]},"9":{"line":129,"type":"if","locations":[{"start":{"line":129,"column":12},"end":{"line":129,"column":12}},{"start":{"line":129,"column":12},"end":{"line":129,"column":12}}]},"10":{"line":148,"type":"if","locations":[{"start":{"line":148,"column":8},"end":{"line":148,"column":8}},{"start":{"line":148,"column":8},"end":{"line":148,"column":8}}]},"11":{"line":155,"type":"if","locations":[{"start":{"line":155,"column":8},"end":{"line":155,"column":8}},{"start":{"line":155,"column":8},"end":{"line":155,"column":8}}]},"12":{"line":162,"type":"if","locations":[{"start":{"line":162,"column":12},"end":{"line":162,"column":12}},{"start":{"line":162,"column":12},"end":{"line":162,"column":12}}]},"13":{"line":175,"type":"if","locations":[{"start":{"line":175,"column":8},"end":{"line":175,"column":8}},{"start":{"line":175,"column":8},"end":{"line":175,"column":8}}]},"14":{"line":182,"type":"if","locations":[{"start":{"line":182,"column":8},"end":{"line":182,"column":8}},{"start":{"line":182,"column":8},"end":{"line":182,"column":8}}]}}},"contracts/BasketToken.sol":{"l":{"24":36,"25":32,"29":39,"37":24,"45":8},"path":"/Users/shengdading/git/acBTC/contracts/BasketToken.sol","s":{"1":36,"2":39,"3":24,"4":8},"b":{"1":[32,4]},"f":{"1":36,"2":39,"3":24,"4":8},"fnMap":{"1":{"name":"onlyBasketCore","line":23,"loc":{"start":{"line":23,"column":4},"end":{"line":26,"column":4}}},"2":{"name":"constructor","line":28,"loc":{"start":{"line":28,"column":4},"end":{"line":30,"column":4}}},"3":{"name":"mint","line":36,"loc":{"start":{"line":36,"column":4},"end":{"line":38,"column":4}}},"4":{"name":"burn","line":44,"loc":{"start":{"line":44,"column":4},"end":{"line":46,"column":4}}}},"statementMap":{"1":{"start":{"line":24,"column":8},"end":{"line":24,"column":103}},"2":{"start":{"line":29,"column":8},"end":{"line":29,"column":45}},"3":{"start":{"line":37,"column":8},"end":{"line":37,"column":29}},"4":{"start":{"line":45,"column":8},"end":{"line":45,"column":29}}},"branchMap":{"1":{"line":24,"type":"if","locations":[{"start":{"line":24,"column":8},"end":{"line":24,"column":8}},{"start":{"line":24,"column":8},"end":{"line":24,"column":8}}]}}},"contracts/Initializable.sol":{"l":{"35":54,"37":54,"38":54,"39":54,"40":54,"43":54,"45":54,"46":54,"57":54,"58":54,"59":54,"60":54},"path":"/Users/shengdading/git/acBTC/contracts/Initializable.sol","s":{"1":54,"2":54,"3":54,"4":54,"5":54,"6":54,"7":54,"8":54,"9":54,"10":54},"b":{"1":[54,0],"2":[54,0],"3":[54,0]},"f":{"1":54,"2":54},"fnMap":{"1":{"name":"initializer","line":34,"loc":{"start":{"line":34,"column":2},"end":{"line":48,"column":2}}},"2":{"name":"isConstructor","line":51,"loc":{"start":{"line":51,"column":2},"end":{"line":61,"column":2}}}},"statementMap":{"1":{"start":{"line":35,"column":4},"end":{"line":35,"column":109}},"2":{"start":{"line":37,"column":4},"end":{"line":37,"column":39}},"3":{"start":{"line":38,"column":4},"end":{"line":38,"column":1326}},"4":{"start":{"line":39,"column":6},"end":{"line":39,"column":24}},"5":{"start":{"line":40,"column":6},"end":{"line":40,"column":23}},"6":{"start":{"line":45,"column":4},"end":{"line":45,"column":1420}},"7":{"start":{"line":46,"column":6},"end":{"line":46,"column":25}},"8":{"start":{"line":57,"column":4},"end":{"line":57,"column":32}},"9":{"start":{"line":58,"column":4},"end":{"line":58,"column":14}},"10":{"start":{"line":60,"column":4},"end":{"line":60,"column":18}}},"branchMap":{"1":{"line":35,"type":"if","locations":[{"start":{"line":35,"column":4},"end":{"line":35,"column":4}},{"start":{"line":35,"column":4},"end":{"line":35,"column":4}}]},"2":{"line":38,"type":"if","locations":[{"start":{"line":38,"column":4},"end":{"line":38,"column":4}},{"start":{"line":38,"column":4},"end":{"line":38,"column":4}}]},"3":{"line":45,"type":"if","locations":[{"start":{"line":45,"column":4},"end":{"line":45,"column":4}},{"start":{"line":45,"column":4},"end":{"line":45,"column":4}}]}}},"contracts/mock/MockToken.sol":{"l":{"14":23},"path":"/Users/shengdading/git/acBTC/contracts/mock/MockToken.sol","s":{"1":23},"b":{},"f":{"1":33,"2":23},"fnMap":{"1":{"name":"constructor","line":11,"loc":{"start":{"line":11,"column":4},"end":{"line":11,"column":86}}},"2":{"name":"mint","line":13,"loc":{"start":{"line":13,"column":4},"end":{"line":15,"column":4}}}},"statementMap":{"1":{"start":{"line":14,"column":8},"end":{"line":14,"column":29}}},"branchMap":{}},"contracts/Ownable.sol":{"l":{"18":54,"19":54,"20":54,"27":0,"34":58,"35":44,"46":0,"47":0,"55":0,"56":0,"57":0},"path":"/Users/shengdading/git/acBTC/contracts/Ownable.sol","s":{"1":54,"2":54,"3":54,"4":0,"5":58,"6":0,"7":0,"8":0,"9":0,"10":0},"b":{"1":[54,0],"2":[44,14],"3":[0,0]},"f":{"1":54,"2":0,"3":58,"4":0,"5":0},"fnMap":{"1":{"name":"_initialize","line":17,"loc":{"start":{"line":17,"column":4},"end":{"line":21,"column":4}}},"2":{"name":"owner","line":26,"loc":{"start":{"line":26,"column":4},"end":{"line":28,"column":4}}},"3":{"name":"onlyOwner","line":33,"loc":{"start":{"line":33,"column":4},"end":{"line":36,"column":4}}},"4":{"name":"renounceOwnership","line":45,"loc":{"start":{"line":45,"column":4},"end":{"line":48,"column":4}}},"5":{"name":"transferOwnership","line":54,"loc":{"start":{"line":54,"column":4},"end":{"line":58,"column":4}}}},"statementMap":{"1":{"start":{"line":18,"column":8},"end":{"line":18,"column":70}},"2":{"start":{"line":19,"column":8},"end":{"line":19,"column":26}},"3":{"start":{"line":20,"column":8},"end":{"line":20,"column":57}},"4":{"start":{"line":27,"column":8},"end":{"line":27,"column":21}},"5":{"start":{"line":34,"column":8},"end":{"line":34,"column":72}},"6":{"start":{"line":46,"column":8},"end":{"line":46,"column":53}},"7":{"start":{"line":47,"column":8},"end":{"line":47,"column":26}},"8":{"start":{"line":55,"column":8},"end":{"line":55,"column":80}},"9":{"start":{"line":56,"column":8},"end":{"line":56,"column":51}},"10":{"start":{"line":57,"column":8},"end":{"line":57,"column":24}}},"branchMap":{"1":{"line":18,"type":"if","locations":[{"start":{"line":18,"column":8},"end":{"line":18,"column":8}},{"start":{"line":18,"column":8},"end":{"line":18,"column":8}}]},"2":{"line":34,"type":"if","locations":[{"start":{"line":34,"column":8},"end":{"line":34,"column":8}},{"start":{"line":34,"column":8},"end":{"line":34,"column":8}}]},"3":{"line":55,"type":"if","locations":[{"start":{"line":55,"column":8},"end":{"line":55,"column":8}},{"start":{"line":55,"column":8},"end":{"line":55,"column":8}}]}}},"contracts/receiver/FeeReceiver.sol":{"l":{"28":38,"30":38,"32":38,"39":4,"40":2,"49":7,"58":2},"path":"/Users/shengdading/git/acBTC/contracts/receiver/FeeReceiver.sol","s":{"1":38,"2":38,"3":38,"4":4,"5":7,"6":2},"b":{"1":[2,2]},"f":{"1":38,"2":4,"3":7,"4":2},"fnMap":{"1":{"name":"constructor","line":26,"loc":{"start":{"line":26,"column":4},"end":{"line":33,"column":4}}},"2":{"name":"onlyAdmin","line":38,"loc":{"start":{"line":38,"column":4},"end":{"line":41,"column":4}}},"3":{"name":"onFeeReceived","line":48,"loc":{"start":{"line":48,"column":4},"end":{"line":50,"column":4}}},"4":{"name":"withdrawToken","line":57,"loc":{"start":{"line":57,"column":4},"end":{"line":59,"column":4}}}},"statementMap":{"1":{"start":{"line":28,"column":8},"end":{"line":28,"column":41}},"2":{"start":{"line":30,"column":8},"end":{"line":30,"column":41}},"3":{"start":{"line":32,"column":8},"end":{"line":32,"column":44}},"4":{"start":{"line":39,"column":8},"end":{"line":39,"column":86}},"5":{"start":{"line":49,"column":8},"end":{"line":49,"column":45}},"6":{"start":{"line":58,"column":8},"end":{"line":58,"column":56}}},"branchMap":{"1":{"line":39,"type":"if","locations":[{"start":{"line":39,"column":8},"end":{"line":39,"column":8}},{"start":{"line":39,"column":8},"end":{"line":39,"column":8}}]}}},"contracts/receiver/IFeeReceiver.sol":{"l":{},"path":"/Users/shengdading/git/acBTC/contracts/receiver/IFeeReceiver.sol","s":{},"b":{},"f":{},"fnMap":{},"statementMap":{},"branchMap":{}},"contracts/ReentrancyGuard.sol":{"l":{"27":21,"28":21,"40":17,"43":17,"45":17,"49":13},"path":"/Users/shengdading/git/acBTC/contracts/ReentrancyGuard.sol","s":{"1":21,"2":21,"3":17,"4":17,"5":13},"b":{"1":[21,0],"2":[17,0]},"f":{"1":21,"2":17},"fnMap":{"1":{"name":"_initialize","line":26,"loc":{"start":{"line":26,"column":4},"end":{"line":29,"column":4}}},"2":{"name":"nonReentrant","line":38,"loc":{"start":{"line":38,"column":4},"end":{"line":50,"column":4}}}},"statementMap":{"1":{"start":{"line":27,"column":8},"end":{"line":27,"column":68}},"2":{"start":{"line":28,"column":8},"end":{"line":28,"column":29}},"3":{"start":{"line":40,"column":8},"end":{"line":40,"column":70}},"4":{"start":{"line":43,"column":8},"end":{"line":43,"column":25}},"5":{"start":{"line":49,"column":8},"end":{"line":49,"column":29}}},"branchMap":{"1":{"line":27,"type":"if","locations":[{"start":{"line":27,"column":8},"end":{"line":27,"column":8}},{"start":{"line":27,"column":8},"end":{"line":27,"column":8}}]},"2":{"line":40,"type":"if","locations":[{"start":{"line":40,"column":8},"end":{"line":40,"column":8}},{"start":{"line":40,"column":8},"end":{"line":40,"column":8}}]}}},"contracts/upgradeability/AdminUpgradeabilityProxy.sol":{"l":{"40":6,"41":6,"42":6,"43":6,"52":0,"53":0,"55":0,"63":0,"70":0,"79":0,"80":0,"81":0,"90":0,"103":0,"104":0,"105":0,"112":2,"113":2,"123":6,"125":6,"134":2,"135":2},"path":"/Users/shengdading/git/acBTC/contracts/upgradeability/AdminUpgradeabilityProxy.sol","s":{"1":6,"2":6,"3":6,"4":6,"5":0,"6":0,"7":0,"8":0,"9":0,"10":0,"11":0,"12":0,"13":0,"14":0,"15":0,"16":2,"17":6,"18":2,"19":2},"b":{"1":[6,0],"2":[6,0],"3":[0,0],"4":[0,0],"5":[0,0],"6":[2,0]},"f":{"1":6,"2":0,"3":0,"4":0,"5":0,"6":0,"7":0,"8":2,"9":6,"10":2},"fnMap":{"1":{"name":"constructor","line":39,"loc":{"start":{"line":39,"column":2},"end":{"line":44,"column":2}}},"2":{"name":"ifAdmin","line":51,"loc":{"start":{"line":51,"column":2},"end":{"line":57,"column":2}}},"3":{"name":"admin","line":62,"loc":{"start":{"line":62,"column":2},"end":{"line":64,"column":2}}},"4":{"name":"implementation","line":69,"loc":{"start":{"line":69,"column":2},"end":{"line":71,"column":2}}},"5":{"name":"changeAdmin","line":78,"loc":{"start":{"line":78,"column":2},"end":{"line":82,"column":2}}},"6":{"name":"upgradeTo","line":89,"loc":{"start":{"line":89,"column":2},"end":{"line":91,"column":2}}},"7":{"name":"upgradeToAndCall","line":102,"loc":{"start":{"line":102,"column":2},"end":{"line":106,"column":2}}},"8":{"name":"_admin","line":111,"loc":{"start":{"line":111,"column":2},"end":{"line":116,"column":2}}},"9":{"name":"_setAdmin","line":122,"loc":{"start":{"line":122,"column":2},"end":{"line":128,"column":2}}},"10":{"name":"_willFallback","line":133,"loc":{"start":{"line":133,"column":2},"end":{"line":136,"column":2}}}},"statementMap":{"1":{"start":{"line":40,"column":4},"end":{"line":40,"column":79}},"2":{"start":{"line":41,"column":4},"end":{"line":41,"column":97}},"3":{"start":{"line":42,"column":4},"end":{"line":42,"column":29}},"4":{"start":{"line":43,"column":4},"end":{"line":43,"column":20}},"5":{"start":{"line":52,"column":4},"end":{"line":52,"column":2201}},"6":{"start":{"line":55,"column":6},"end":{"line":55,"column":16}},"7":{"start":{"line":63,"column":4},"end":{"line":63,"column":19}},"8":{"start":{"line":70,"column":4},"end":{"line":70,"column":28}},"9":{"start":{"line":79,"column":4},"end":{"line":79,"column":92}},"10":{"start":{"line":80,"column":4},"end":{"line":80,"column":41}},"11":{"start":{"line":81,"column":4},"end":{"line":81,"column":22}},"12":{"start":{"line":90,"column":4},"end":{"line":90,"column":32}},"13":{"start":{"line":103,"column":4},"end":{"line":103,"column":32}},"14":{"start":{"line":104,"column":4},"end":{"line":104,"column":58}},"15":{"start":{"line":105,"column":4},"end":{"line":105,"column":19}},"16":{"start":{"line":112,"column":4},"end":{"line":112,"column":29}},"17":{"start":{"line":123,"column":4},"end":{"line":123,"column":29}},"18":{"start":{"line":134,"column":4},"end":{"line":134,"column":88}},"19":{"start":{"line":135,"column":4},"end":{"line":135,"column":24}}},"branchMap":{"1":{"line":40,"type":"if","locations":[{"start":{"line":40,"column":4},"end":{"line":40,"column":4}},{"start":{"line":40,"column":4},"end":{"line":40,"column":4}}]},"2":{"line":41,"type":"if","locations":[{"start":{"line":41,"column":4},"end":{"line":41,"column":4}},{"start":{"line":41,"column":4},"end":{"line":41,"column":4}}]},"3":{"line":52,"type":"if","locations":[{"start":{"line":52,"column":4},"end":{"line":52,"column":4}},{"start":{"line":52,"column":4},"end":{"line":52,"column":4}}]},"4":{"line":79,"type":"if","locations":[{"start":{"line":79,"column":4},"end":{"line":79,"column":4}},{"start":{"line":79,"column":4},"end":{"line":79,"column":4}}]},"5":{"line":105,"type":"if","locations":[{"start":{"line":105,"column":4},"end":{"line":105,"column":4}},{"start":{"line":105,"column":4},"end":{"line":105,"column":4}}]},"6":{"line":134,"type":"if","locations":[{"start":{"line":134,"column":4},"end":{"line":134,"column":4}},{"start":{"line":134,"column":4},"end":{"line":134,"column":4}}]}}},"contracts/upgradeability/BaseUpgradeabilityProxy.sol":{"l":{"35":2,"36":2,"46":0,"47":0,"55":6,"60":6,"62":6},"path":"/Users/shengdading/git/acBTC/contracts/upgradeability/BaseUpgradeabilityProxy.sol","s":{"1":2,"2":0,"3":0,"4":6,"5":6},"b":{"1":[6,0]},"f":{"1":2,"2":0,"3":6},"fnMap":{"1":{"name":"_implementation","line":34,"loc":{"start":{"line":34,"column":4},"end":{"line":39,"column":4}}},"2":{"name":"_upgradeTo","line":45,"loc":{"start":{"line":45,"column":4},"end":{"line":48,"column":4}}},"3":{"name":"_setImplementation","line":54,"loc":{"start":{"line":54,"column":4},"end":{"line":65,"column":4}}}},"statementMap":{"1":{"start":{"line":35,"column":8},"end":{"line":35,"column":42}},"2":{"start":{"line":46,"column":8},"end":{"line":46,"column":44}},"3":{"start":{"line":47,"column":8},"end":{"line":47,"column":40}},"4":{"start":{"line":55,"column":8},"end":{"line":55,"column":1876}},"5":{"start":{"line":60,"column":8},"end":{"line":60,"column":42}}},"branchMap":{"1":{"line":55,"type":"if","locations":[{"start":{"line":55,"column":8},"end":{"line":55,"column":8}},{"start":{"line":55,"column":8},"end":{"line":55,"column":8}}]}}},"contracts/upgradeability/BasketCoreProxy.sol":{"l":{},"path":"/Users/shengdading/git/acBTC/contracts/upgradeability/BasketCoreProxy.sol","s":{},"b":{},"f":{"1":3},"fnMap":{"1":{"name":"constructor","line":12,"loc":{"start":{"line":12,"column":4},"end":{"line":12,"column":105}}}},"statementMap":{},"branchMap":{}},"contracts/upgradeability/BasketManagerProxy.sol":{"l":{},"path":"/Users/shengdading/git/acBTC/contracts/upgradeability/BasketManagerProxy.sol","s":{},"b":{},"f":{"1":3},"fnMap":{"1":{"name":"constructor","line":12,"loc":{"start":{"line":12,"column":4},"end":{"line":12,"column":105}}}},"statementMap":{},"branchMap":{}},"contracts/upgradeability/Proxy.sol":{"l":{"20":0,"28":2,"43":2,"76":2,"77":2},"path":"/Users/shengdading/git/acBTC/contracts/upgradeability/Proxy.sol","s":{"1":2,"2":2,"3":2},"b":{},"f":{"1":2,"2":2,"3":2,"4":2},"fnMap":{"1":{"name":null,"line":27,"loc":{"start":{"line":27,"column":2},"end":{"line":29,"column":2}}},"2":{"name":"_delegate","line":42,"loc":{"start":{"line":42,"column":2},"end":{"line":61,"column":2}}},"3":{"name":"_willFallback","line":68,"loc":{"start":{"line":68,"column":2},"end":{"line":69,"column":2}}},"4":{"name":"_fallback","line":75,"loc":{"start":{"line":75,"column":2},"end":{"line":78,"column":2}}}},"statementMap":{"1":{"start":{"line":28,"column":4},"end":{"line":28,"column":14}},"2":{"start":{"line":76,"column":4},"end":{"line":76,"column":18}},"3":{"start":{"line":77,"column":4},"end":{"line":77,"column":31}}},"branchMap":{}}}